#
# There is insufficient memory for the Java Runtime Environment to continue.
# Native memory allocation (malloc) failed to allocate 982736 bytes for Chunk::new
# Possible reasons:
#   The system is out of physical RAM or swap space
#   The process is running with CompressedOops enabled, and the Java Heap may be blocking the growth of the native heap
# Possible solutions:
#   Reduce memory load on the system
#   Increase physical memory or swap space
#   Check if swap backing store is full
#   Decrease Java heap size (-Xmx/-Xms)
#   Decrease number of Java threads
#   Decrease Java thread stack sizes (-Xss)
#   Set larger code cache with -XX:ReservedCodeCacheSize=
#   JVM is running with Unscaled Compressed Oops mode in which the Java heap is
#     placed in the first 4GB address space. The Java Heap base address is the
#     maximum limit for the native heap growth. Please use -XX:HeapBaseMinAddress
#     to set the Java Heap base and to place the Java Heap above 4GB virtual address.
# This output file may be truncated or incomplete.
#
#  Out of Memory Error (arena.cpp:189), pid=10980, tid=1268
#
# JRE version: OpenJDK Runtime Environment Corretto-17.0.5.8.1 (17.0.5+8) (build 17.0.5+8-LTS)
# Java VM: OpenJDK 64-Bit Server VM Corretto-17.0.5.8.1 (17.0.5+8-LTS, mixed mode, sharing, tiered, compressed oops, compressed class ptrs, g1 gc, windows-amd64)
# No core dump will be written. Minidumps are not enabled by default on client versions of Windows
#

---------------  S U M M A R Y ------------

Command Line: --add-opens=java.base/java.util=ALL-UNNAMED --add-opens=java.base/java.lang=ALL-UNNAMED --add-opens=java.base/java.lang.invoke=ALL-UNNAMED --add-opens=java.base/java.util=ALL-UNNAMED --add-opens=java.prefs/java.util.prefs=ALL-UNNAMED --add-opens=java.prefs/java.util.prefs=ALL-UNNAMED --add-opens=java.base/java.nio.charset=ALL-UNNAMED --add-opens=java.base/java.net=ALL-UNNAMED --add-opens=java.base/java.util.concurrent.atomic=ALL-UNNAMED -XX:MaxMetaspaceSize=256m -XX:+HeapDumpOnOutOfMemoryError -Xms256m -Xmx512m -Dfile.encoding=windows-1252 -Duser.country=CO -Duser.language=es -Duser.variant org.gradle.launcher.daemon.bootstrap.GradleDaemon 7.4

Host: Intel(R) Core(TM) i3-6100U CPU @ 2.30GHz, 4 cores, 3G,  Windows 10 , 64 bit Build 19041 (10.0.19041.2913)
Time: Wed May 24 16:30:36 2023 Hora est. PacÌfico, SudamÈrica elapsed time: 15.257773 seconds (0d 0h 0m 15s)

---------------  T H R E A D  ---------------

Current thread (0x0000026ec52d3270):  JavaThread "C2 CompilerThread0" daemon [_thread_in_native, id=1268, stack(0x000000ac87700000,0x000000ac87800000)]


Current CompileTask:
C2:  15257 5854       4       java.util.TreeMap::put (221 bytes)

Stack: [0x000000ac87700000,0x000000ac87800000]
Native frames: (J=compiled Java code, j=interpreted, Vv=VM code, C=native code)
V  [jvm.dll+0x646e0a]
V  [jvm.dll+0x7f7f14]
V  [jvm.dll+0x7f96ce]
V  [jvm.dll+0x7f9d23]
V  [jvm.dll+0x234c98]
V  [jvm.dll+0xbccfc]
V  [jvm.dll+0xbd2dc]
V  [jvm.dll+0x34d6d2]
V  [jvm.dll+0x31821f]
V  [jvm.dll+0x31765a]
V  [jvm.dll+0x2092a5]
V  [jvm.dll+0x208837]
V  [jvm.dll+0x198a9d]
V  [jvm.dll+0x217bdd]
V  [jvm.dll+0x215e24]
V  [jvm.dll+0x7b06ab]
V  [jvm.dll+0x7aac5a]
V  [jvm.dll+0x645cd5]
C  [ucrtbase.dll+0x21bb2]
C  [KERNEL32.DLL+0x17614]
C  [ntdll.dll+0x526a1]


---------------  P R O C E S S  ---------------

Threads class SMR info:
_java_thread_list=0x0000026ed20e94e0, length=80, elements={
0x0000026eaaff2d60, 0x0000026ec52b6060, 0x0000026ec52b81f0, 0x0000026ec52cda20,
0x0000026ec52cf4f0, 0x0000026ec52d1dc0, 0x0000026ec52d2680, 0x0000026ec52d3270,
0x0000026ec52d3b70, 0x0000026ec52d6480, 0x0000026ec5de3060, 0x0000026ec5df1780,
0x0000026ecf03b8c0, 0x0000026ecf20f130, 0x0000026ecf5cf340, 0x0000026ecf622880,
0x0000026ecf624590, 0x0000026ecf85a7d0, 0x0000026ecf5c3cf0, 0x0000026ecf541910,
0x0000026ecf543ac0, 0x0000026ecf5405d0, 0x0000026ecf541de0, 0x0000026ecf540aa0,
0x0000026ecf540100, 0x0000026ecf542780, 0x0000026ecf5422b0, 0x0000026ecf541440,
0x0000026ecf542c50, 0x0000026ecf540f70, 0x0000026ecf543120, 0x0000026ecfd41a30,
0x0000026ecfd41090, 0x0000026ecfd488e0, 0x0000026ecfd43710, 0x0000026ecfd44a50,
0x0000026ecfd44f20, 0x0000026ecfd440b0, 0x0000026ecfd46c00, 0x0000026ecfd475a0,
0x0000026ecfd428a0, 0x0000026ecfd453f0, 0x0000026ecfd458c0, 0x0000026ecfd470d0,
0x0000026ecfd47a70, 0x0000026ecfd43240, 0x0000026ecfd47f40, 0x0000026ecfd41f00,
0x0000026ecfd423d0, 0x0000026ed19aa8f0, 0x0000026ed19aadc0, 0x0000026ed19a8740,
0x0000026ed19abc30, 0x0000026ed19a95b0, 0x0000026ed19a9a80, 0x0000026ed19a8c10,
0x0000026ed19a90e0, 0x0000026ed19a9f50, 0x0000026ed19a7400, 0x0000026ed19aa420,
0x0000026ed19ab290, 0x0000026ed19ab760, 0x0000026ed19ac100, 0x0000026ed19ac5d0,
0x0000026ed19acaa0, 0x0000026ed19a5250, 0x0000026ed19a78d0, 0x0000026ed19a6590,
0x0000026ed19a5720, 0x0000026ed19a7da0, 0x0000026ed19a5bf0, 0x0000026ed19a60c0,
0x0000026ed19a6a60, 0x0000026ed19a6f30, 0x0000026ed19a8270, 0x0000026ece375d90,
0x0000026ece376260, 0x0000026ece3740b0, 0x0000026ece3758c0, 0x0000026ece374580
}

Java Threads: ( => current thread )
  0x0000026eaaff2d60 JavaThread "main" [_thread_blocked, id=17736, stack(0x000000ac86a00000,0x000000ac86b00000)]
  0x0000026ec52b6060 JavaThread "Reference Handler" daemon [_thread_blocked, id=15440, stack(0x000000ac87100000,0x000000ac87200000)]
  0x0000026ec52b81f0 JavaThread "Finalizer" daemon [_thread_blocked, id=9344, stack(0x000000ac87200000,0x000000ac87300000)]
  0x0000026ec52cda20 JavaThread "Signal Dispatcher" daemon [_thread_blocked, id=14720, stack(0x000000ac87300000,0x000000ac87400000)]
  0x0000026ec52cf4f0 JavaThread "Attach Listener" daemon [_thread_blocked, id=18276, stack(0x000000ac87400000,0x000000ac87500000)]
  0x0000026ec52d1dc0 JavaThread "Service Thread" daemon [_thread_blocked, id=16556, stack(0x000000ac87500000,0x000000ac87600000)]
  0x0000026ec52d2680 JavaThread "Monitor Deflation Thread" daemon [_thread_blocked, id=14944, stack(0x000000ac87600000,0x000000ac87700000)]
=>0x0000026ec52d3270 JavaThread "C2 CompilerThread0" daemon [_thread_in_native, id=1268, stack(0x000000ac87700000,0x000000ac87800000)]
  0x0000026ec52d3b70 JavaThread "C1 CompilerThread0" daemon [_thread_blocked, id=18296, stack(0x000000ac87800000,0x000000ac87900000)]
  0x0000026ec52d6480 JavaThread "Sweeper thread" daemon [_thread_blocked, id=17112, stack(0x000000ac87900000,0x000000ac87a00000)]
  0x0000026ec5de3060 JavaThread "Common-Cleaner" daemon [_thread_blocked, id=11756, stack(0x000000ac87a00000,0x000000ac87b00000)]
  0x0000026ec5df1780 JavaThread "Notification Thread" daemon [_thread_blocked, id=14984, stack(0x000000ac87b00000,0x000000ac87c00000)]
  0x0000026ecf03b8c0 JavaThread "Daemon health stats" [_thread_blocked, id=3608, stack(0x000000ac88000000,0x000000ac88100000)]
  0x0000026ecf20f130 JavaThread "Incoming local TCP Connector on port 63700" [_thread_in_native, id=16436, stack(0x000000ac88100000,0x000000ac88200000)]
  0x0000026ecf5cf340 JavaThread "Daemon periodic checks" [_thread_blocked, id=5940, stack(0x000000ac88200000,0x000000ac88300000)]
  0x0000026ecf622880 JavaThread "Daemon" [_thread_blocked, id=3244, stack(0x000000ac88400000,0x000000ac88500000)]
  0x0000026ecf624590 JavaThread "Handler for socket connection from /127.0.0.1:63700 to /127.0.0.1:63701" [_thread_in_native, id=12828, stack(0x000000ac88500000,0x000000ac88600000)]
  0x0000026ecf85a7d0 JavaThread "Cancel handler" [_thread_blocked, id=6148, stack(0x000000ac88600000,0x000000ac88700000)]
  0x0000026ecf5c3cf0 JavaThread "Daemon worker" [_thread_blocked, id=14228, stack(0x000000ac88700000,0x000000ac88800000)]
  0x0000026ecf541910 JavaThread "Asynchronous log dispatcher for DefaultDaemonConnection: socket connection from /127.0.0.1:63700 to /127.0.0.1:63701" [_thread_blocked, id=17796, stack(0x000000ac88800000,0x000000ac88900000)]
  0x0000026ecf543ac0 JavaThread "Stdin handler" [_thread_blocked, id=12684, stack(0x000000ac88900000,0x000000ac88a00000)]
  0x0000026ecf5405d0 JavaThread "Daemon client event forwarder" [_thread_blocked, id=4072, stack(0x000000ac88a00000,0x000000ac88b00000)]
  0x0000026ecf541de0 JavaThread "Cache worker for journal cache (C:\Users\Andr√©s\.gradle\caches\journal-1)" [_thread_blocked, id=1296, stack(0x000000ac88b00000,0x000000ac88c00000)]
  0x0000026ecf540aa0 JavaThread "File lock request listener" [_thread_in_native, id=1232, stack(0x000000ac88c00000,0x000000ac88d00000)]
  0x0000026ecf540100 JavaThread "Cache worker for file hash cache (C:\Users\Andr√©s\.gradle\caches\7.4\fileHashes)" [_thread_blocked, id=17484, stack(0x000000ac88d00000,0x000000ac88e00000)]
  0x0000026ecf542780 JavaThread "File watcher server" daemon [_thread_in_native, id=4660, stack(0x000000ac88e00000,0x000000ac88f00000)]
  0x0000026ecf5422b0 JavaThread "File watcher consumer" daemon [_thread_blocked, id=14632, stack(0x000000ac88f00000,0x000000ac89000000)]
  0x0000026ecf541440 JavaThread "Cache worker for checksums cache (C:\POM\.gradle\7.4\checksums)" [_thread_blocked, id=14048, stack(0x000000ac89000000,0x000000ac89100000)]
  0x0000026ecf542c50 JavaThread "Cache worker for cache directory md-rule (C:\Users\Andr√©s\.gradle\caches\7.4\md-rule)" [_thread_blocked, id=10224, stack(0x000000ac89100000,0x000000ac89200000)]
  0x0000026ecf540f70 JavaThread "Cache worker for file hash cache (C:\POM\.gradle\7.4\fileHashes)" [_thread_blocked, id=10168, stack(0x000000ac89200000,0x000000ac89300000)]
  0x0000026ecf543120 JavaThread "Cache worker for cache directory md-supplier (C:\Users\Andr√©s\.gradle\caches\7.4\md-supplier)" [_thread_blocked, id=12428, stack(0x000000ac89300000,0x000000ac89400000)]
  0x0000026ecfd41a30 JavaThread "Cache worker for execution history cache (C:\Users\Andr√©s\.gradle\caches\7.4\executionHistory)" [_thread_blocked, id=10216, stack(0x000000ac89400000,0x000000ac89500000)]
  0x0000026ecfd41090 JavaThread "jar transforms" [_thread_blocked, id=2020, stack(0x000000ac89500000,0x000000ac89600000)]
  0x0000026ecfd488e0 JavaThread "jar transforms Thread 2" [_thread_blocked, id=14616, stack(0x000000ac89600000,0x000000ac89700000)]
  0x0000026ecfd43710 JavaThread "Cache worker for file content cache (C:\Users\Andr√©s\.gradle\caches\7.4\fileContent)" [_thread_blocked, id=5160, stack(0x000000ac89700000,0x000000ac89800000)]
  0x0000026ecfd44a50 JavaThread "jar transforms Thread 3" [_thread_blocked, id=17628, stack(0x000000ac89800000,0x000000ac89900000)]
  0x0000026ecfd44f20 JavaThread "jar transforms Thread 4" [_thread_blocked, id=15920, stack(0x000000ac89900000,0x000000ac89a00000)]
  0x0000026ecfd440b0 JavaThread "Cache worker for dependencies-accessors (C:\POM\.gradle\7.4\dependencies-accessors)" [_thread_blocked, id=15252, stack(0x000000ac89a00000,0x000000ac89b00000)]
  0x0000026ecfd46c00 JavaThread "Cache worker for Build Output Cleanup Cache (C:\POM\.gradle\buildOutputCleanup)" [_thread_blocked, id=16416, stack(0x000000ac89c00000,0x000000ac89d00000)]
  0x0000026ecfd475a0 JavaThread "Unconstrained build operations" [_thread_blocked, id=14904, stack(0x000000ac89d00000,0x000000ac89e00000)]
  0x0000026ecfd428a0 JavaThread "Unconstrained build operations Thread 2" [_thread_blocked, id=16496, stack(0x000000ac89e00000,0x000000ac89f00000)]
  0x0000026ecfd453f0 JavaThread "Unconstrained build operations Thread 3" [_thread_blocked, id=12200, stack(0x000000ac89f00000,0x000000ac8a000000)]
  0x0000026ecfd458c0 JavaThread "Unconstrained build operations Thread 4" [_thread_blocked, id=7692, stack(0x000000ac8a000000,0x000000ac8a100000)]
  0x0000026ecfd470d0 JavaThread "Unconstrained build operations Thread 5" [_thread_blocked, id=1356, stack(0x000000ac8a100000,0x000000ac8a200000)]
  0x0000026ecfd47a70 JavaThread "Unconstrained build operations Thread 6" [_thread_blocked, id=2856, stack(0x000000ac8a200000,0x000000ac8a300000)]
  0x0000026ecfd43240 JavaThread "Unconstrained build operations Thread 7" [_thread_blocked, id=6128, stack(0x000000ac8a300000,0x000000ac8a400000)]
  0x0000026ecfd47f40 JavaThread "Unconstrained build operations Thread 8" [_thread_blocked, id=4616, stack(0x000000ac8a400000,0x000000ac8a500000)]
  0x0000026ecfd41f00 JavaThread "Unconstrained build operations Thread 9" [_thread_blocked, id=6748, stack(0x000000ac8a500000,0x000000ac8a600000)]
  0x0000026ecfd423d0 JavaThread "Unconstrained build operations Thread 10" [_thread_blocked, id=18068, stack(0x000000ac8a600000,0x000000ac8a700000)]
  0x0000026ed19aa8f0 JavaThread "Unconstrained build operations Thread 11" [_thread_blocked, id=10700, stack(0x000000ac8a700000,0x000000ac8a800000)]
  0x0000026ed19aadc0 JavaThread "Unconstrained build operations Thread 12" [_thread_blocked, id=15844, stack(0x000000ac8a800000,0x000000ac8a900000)]
  0x0000026ed19a8740 JavaThread "Unconstrained build operations Thread 13" [_thread_blocked, id=10392, stack(0x000000ac8a900000,0x000000ac8aa00000)]
  0x0000026ed19abc30 JavaThread "Unconstrained build operations Thread 14" [_thread_blocked, id=10788, stack(0x000000ac8aa00000,0x000000ac8ab00000)]
  0x0000026ed19a95b0 JavaThread "Unconstrained build operations Thread 15" [_thread_blocked, id=14968, stack(0x000000ac8ab00000,0x000000ac8ac00000)]
  0x0000026ed19a9a80 JavaThread "Unconstrained build operations Thread 16" [_thread_blocked, id=5076, stack(0x000000ac8ac00000,0x000000ac8ad00000)]
  0x0000026ed19a8c10 JavaThread "Unconstrained build operations Thread 17" [_thread_blocked, id=16660, stack(0x000000ac8ad00000,0x000000ac8ae00000)]
  0x0000026ed19a90e0 JavaThread "Unconstrained build operations Thread 18" [_thread_blocked, id=15664, stack(0x000000ac8ae00000,0x000000ac8af00000)]
  0x0000026ed19a9f50 JavaThread "Unconstrained build operations Thread 19" [_thread_blocked, id=12656, stack(0x000000ac8af00000,0x000000ac8b000000)]
  0x0000026ed19a7400 JavaThread "Unconstrained build operations Thread 20" [_thread_blocked, id=14804, stack(0x000000ac8b000000,0x000000ac8b100000)]
  0x0000026ed19aa420 JavaThread "Unconstrained build operations Thread 21" [_thread_blocked, id=17976, stack(0x000000ac8b100000,0x000000ac8b200000)]
  0x0000026ed19ab290 JavaThread "Unconstrained build operations Thread 22" [_thread_blocked, id=15264, stack(0x000000ac8b200000,0x000000ac8b300000)]
  0x0000026ed19ab760 JavaThread "Unconstrained build operations Thread 23" [_thread_blocked, id=7788, stack(0x000000ac8b300000,0x000000ac8b400000)]
  0x0000026ed19ac100 JavaThread "Unconstrained build operations Thread 24" [_thread_blocked, id=17172, stack(0x000000ac8b400000,0x000000ac8b500000)]
  0x0000026ed19ac5d0 JavaThread "Unconstrained build operations Thread 25" [_thread_blocked, id=6068, stack(0x000000ac8b500000,0x000000ac8b600000)]
  0x0000026ed19acaa0 JavaThread "Unconstrained build operations Thread 26" [_thread_blocked, id=9168, stack(0x000000ac8b600000,0x000000ac8b700000)]
  0x0000026ed19a5250 JavaThread "Unconstrained build operations Thread 27" [_thread_blocked, id=13324, stack(0x000000ac8b700000,0x000000ac8b800000)]
  0x0000026ed19a78d0 JavaThread "Unconstrained build operations Thread 28" [_thread_blocked, id=8888, stack(0x000000ac8b800000,0x000000ac8b900000)]
  0x0000026ed19a6590 JavaThread "Unconstrained build operations Thread 29" [_thread_blocked, id=7232, stack(0x000000ac8b900000,0x000000ac8ba00000)]
  0x0000026ed19a5720 JavaThread "Unconstrained build operations Thread 30" [_thread_blocked, id=9124, stack(0x000000ac8ba00000,0x000000ac8bb00000)]
  0x0000026ed19a7da0 JavaThread "Unconstrained build operations Thread 31" [_thread_blocked, id=6424, stack(0x000000ac8bb00000,0x000000ac8bc00000)]
  0x0000026ed19a5bf0 JavaThread "Unconstrained build operations Thread 32" [_thread_blocked, id=15388, stack(0x000000ac8bc00000,0x000000ac8bd00000)]
  0x0000026ed19a60c0 JavaThread "Unconstrained build operations Thread 33" [_thread_blocked, id=13360, stack(0x000000ac8bd00000,0x000000ac8be00000)]
  0x0000026ed19a6a60 JavaThread "Unconstrained build operations Thread 34" [_thread_blocked, id=7252, stack(0x000000ac8be00000,0x000000ac8bf00000)]
  0x0000026ed19a6f30 JavaThread "Unconstrained build operations Thread 35" [_thread_blocked, id=13988, stack(0x000000ac8bf00000,0x000000ac8c000000)]
  0x0000026ed19a8270 JavaThread "Unconstrained build operations Thread 36" [_thread_blocked, id=15216, stack(0x000000ac8c000000,0x000000ac8c100000)]
  0x0000026ece375d90 JavaThread "Unconstrained build operations Thread 37" [_thread_blocked, id=15556, stack(0x000000ac8c100000,0x000000ac8c200000)]
  0x0000026ece376260 JavaThread "Unconstrained build operations Thread 38" [_thread_blocked, id=236, stack(0x000000ac8c200000,0x000000ac8c300000)]
  0x0000026ece3740b0 JavaThread "Unconstrained build operations Thread 39" [_thread_blocked, id=1704, stack(0x000000ac8c300000,0x000000ac8c400000)]
  0x0000026ece3758c0 JavaThread "Unconstrained build operations Thread 40" [_thread_blocked, id=11732, stack(0x000000ac8c400000,0x000000ac8c500000)]
  0x0000026ece374580 JavaThread "Memory manager" [_thread_blocked, id=15392, stack(0x000000ac8c500000,0x000000ac8c600000)]

Other Threads:
  0x0000026ec52b2550 VMThread "VM Thread" [stack: 0x000000ac87000000,0x000000ac87100000] [id=8464]
  0x0000026ec5df1c50 WatcherThread [stack: 0x000000ac87c00000,0x000000ac87d00000] [id=5564]
  0x0000026eab01fa80 GCTaskThread "GC Thread#0" [stack: 0x000000ac86b00000,0x000000ac86c00000] [id=10476]
  0x0000026ec6080eb0 GCTaskThread "GC Thread#1" [stack: 0x000000ac87d00000,0x000000ac87e00000] [id=16940]
  0x0000026ecdd23470 GCTaskThread "GC Thread#2" [stack: 0x000000ac87e00000,0x000000ac87f00000] [id=6168]
  0x0000026ecdd23720 GCTaskThread "GC Thread#3" [stack: 0x000000ac87f00000,0x000000ac88000000] [id=11080]
  0x0000026eab0248d0 ConcurrentGCThread "G1 Main Marker" [stack: 0x000000ac86c00000,0x000000ac86d00000] [id=11884]
  0x0000026eab026200 ConcurrentGCThread "G1 Conc#0" [stack: 0x000000ac86d00000,0x000000ac86e00000] [id=4936]
  0x0000026ec51780d0 ConcurrentGCThread "G1 Refine#0" [stack: 0x000000ac86e00000,0x000000ac86f00000] [id=9080]
  0x0000026ed1ed1350 ConcurrentGCThread "G1 Refine#1" [stack: 0x000000ac89b00000,0x000000ac89c00000] [id=17568]
  0x0000026ec5178900 ConcurrentGCThread "G1 Service" [stack: 0x000000ac86f00000,0x000000ac87000000] [id=15128]

Threads with active compile tasks:
C2 CompilerThread0    15357 5854       4       java.util.TreeMap::put (221 bytes)

VM state: at safepoint (normal execution)

VM Mutex/Monitor currently owned by a thread:  ([mutex/lock_event])
[0x0000026eaafee730] Threads_lock - owner thread: 0x0000026ec52b2550
[0x0000026eaafef540] Heap_lock - owner thread: 0x0000026ecf5c3cf0

Heap address: 0x00000000e0000000, size: 512 MB, Compressed Oops mode: 32-bit

CDS archive(s) mapped at: [0x0000000800000000-0x0000000800bc0000-0x0000000800bc0000), size 12320768, SharedBaseAddress: 0x0000000800000000, ArchiveRelocationMode: 0.
Compressed class space mapped at: 0x0000000800c00000-0x000000080dc00000, reserved size: 218103808
Narrow klass base: 0x0000000800000000, Narrow klass shift: 0, Narrow klass range: 0x100000000

GC Precious Log:
 CPUs: 4 total, 4 available
 Memory: 3984M
 Large Page Support: Disabled
 NUMA Support: Disabled
 Compressed Oops: Enabled (32-bit)
 Heap Region Size: 1M
 Heap Min Capacity: 256M
 Heap Initial Capacity: 256M
 Heap Max Capacity: 512M
 Pre-touch: Disabled
 Parallel Workers: 4
 Concurrent Workers: 1
 Concurrent Refinement Workers: 4
 Periodic GC: Disabled

Heap:
 garbage-first heap   total 262144K, used 116299K [0x00000000e0000000, 0x0000000100000000)
  region size 1024K, 92 young (94208K), 10 survivors (10240K)
 Metaspace       used 42565K, committed 43072K, reserved 253952K
  class space    used 5863K, committed 6080K, reserved 212992K

Heap Regions: E=young(eden), S=young(survivor), O=old, HS=humongous(starts), HC=humongous(continues), CS=collection set, F=free, OA=open archive, CA=closed archive, TAMS=top-at-mark-start (previous, next)
|   0|0x00000000e0000000, 0x00000000e0100000, 0x00000000e0100000|100%|HS|  |TAMS 0x00000000e0100000, 0x00000000e0000000| Complete 
|   1|0x00000000e0100000, 0x00000000e0200000, 0x00000000e0200000|100%|HC|  |TAMS 0x00000000e0200000, 0x00000000e0100000| Complete 
|   2|0x00000000e0200000, 0x00000000e0300000, 0x00000000e0300000|100%|HC|  |TAMS 0x00000000e0300000, 0x00000000e0200000| Complete 
|   3|0x00000000e0300000, 0x00000000e0400000, 0x00000000e0400000|100%| O|  |TAMS 0x00000000e0400000, 0x00000000e0300000| Untracked 
|   4|0x00000000e0400000, 0x00000000e0500000, 0x00000000e0500000|100%| O|  |TAMS 0x00000000e0500000, 0x00000000e0400000| Untracked 
|   5|0x00000000e0500000, 0x00000000e0600000, 0x00000000e0600000|100%| O|  |TAMS 0x00000000e0600000, 0x00000000e0500000| Untracked 
|   6|0x00000000e0600000, 0x00000000e0700000, 0x00000000e0700000|100%| O|  |TAMS 0x00000000e0700000, 0x00000000e0600000| Untracked 
|   7|0x00000000e0700000, 0x00000000e0800000, 0x00000000e0800000|100%| O|  |TAMS 0x00000000e0700000, 0x00000000e0700000| Untracked 
|   8|0x00000000e0800000, 0x00000000e0900000, 0x00000000e0900000|100%| O|  |TAMS 0x00000000e0900000, 0x00000000e0800000| Untracked 
|   9|0x00000000e0900000, 0x00000000e0a00000, 0x00000000e0a00000|100%| O|  |TAMS 0x00000000e0a00000, 0x00000000e0900000| Untracked 
|  10|0x00000000e0a00000, 0x00000000e0b00000, 0x00000000e0b00000|100%| O|  |TAMS 0x00000000e0a19400, 0x00000000e0a00000| Untracked 
|  11|0x00000000e0b00000, 0x00000000e0c00000, 0x00000000e0c00000|100%|HS|  |TAMS 0x00000000e0b00000, 0x00000000e0b00000| Complete 
|  12|0x00000000e0c00000, 0x00000000e0d00000, 0x00000000e0d00000|100%|HC|  |TAMS 0x00000000e0c00000, 0x00000000e0c00000| Complete 
|  13|0x00000000e0d00000, 0x00000000e0e00000, 0x00000000e0e00000|100%| O|  |TAMS 0x00000000e0d00000, 0x00000000e0d00000| Untracked 
|  14|0x00000000e0e00000, 0x00000000e0f00000, 0x00000000e0f00000|100%| O|  |TAMS 0x00000000e0e00000, 0x00000000e0e00000| Untracked 
|  15|0x00000000e0f00000, 0x00000000e1000000, 0x00000000e1000000|100%| O|  |TAMS 0x00000000e0f00000, 0x00000000e0f00000| Untracked 
|  16|0x00000000e1000000, 0x00000000e1100000, 0x00000000e1100000|100%| O|  |TAMS 0x00000000e1000000, 0x00000000e1000000| Untracked 
|  17|0x00000000e1100000, 0x00000000e1200000, 0x00000000e1200000|100%| O|  |TAMS 0x00000000e1100000, 0x00000000e1100000| Untracked 
|  18|0x00000000e1200000, 0x00000000e1300000, 0x00000000e1300000|100%| O|  |TAMS 0x00000000e1200000, 0x00000000e1200000| Untracked 
|  19|0x00000000e1300000, 0x00000000e1400000, 0x00000000e1400000|100%| O|  |TAMS 0x00000000e1300000, 0x00000000e1300000| Untracked 
|  20|0x00000000e1400000, 0x00000000e1500000, 0x00000000e1500000|100%| O|  |TAMS 0x00000000e1400000, 0x00000000e1400000| Untracked 
|  21|0x00000000e1500000, 0x00000000e1600000, 0x00000000e1600000|100%| O|  |TAMS 0x00000000e1500000, 0x00000000e1500000| Untracked 
|  22|0x00000000e1600000, 0x00000000e1700000, 0x00000000e1700000|100%| O|  |TAMS 0x00000000e1600000, 0x00000000e1600000| Untracked 
|  23|0x00000000e1700000, 0x00000000e1800000, 0x00000000e1800000|100%| O|  |TAMS 0x00000000e1700000, 0x00000000e1700000| Untracked 
|  24|0x00000000e1800000, 0x00000000e1900000, 0x00000000e1900000|100%| O|  |TAMS 0x00000000e1800000, 0x00000000e1800000| Untracked 
|  25|0x00000000e1900000, 0x00000000e194ce50, 0x00000000e1a00000| 30%| O|  |TAMS 0x00000000e1900000, 0x00000000e1900000| Untracked 
|  26|0x00000000e1a00000, 0x00000000e1a00000, 0x00000000e1b00000|  0%| F|  |TAMS 0x00000000e1a00000, 0x00000000e1a00000| Untracked 
|  27|0x00000000e1b00000, 0x00000000e1b00000, 0x00000000e1c00000|  0%| F|  |TAMS 0x00000000e1b00000, 0x00000000e1b00000| Untracked 
|  28|0x00000000e1c00000, 0x00000000e1c00000, 0x00000000e1d00000|  0%| F|  |TAMS 0x00000000e1c00000, 0x00000000e1c00000| Untracked 
|  29|0x00000000e1d00000, 0x00000000e1d00000, 0x00000000e1e00000|  0%| F|  |TAMS 0x00000000e1d00000, 0x00000000e1d00000| Untracked 
|  30|0x00000000e1e00000, 0x00000000e1e00000, 0x00000000e1f00000|  0%| F|  |TAMS 0x00000000e1e00000, 0x00000000e1e00000| Untracked 
|  31|0x00000000e1f00000, 0x00000000e1f00000, 0x00000000e2000000|  0%| F|  |TAMS 0x00000000e1f00000, 0x00000000e1f00000| Untracked 
|  32|0x00000000e2000000, 0x00000000e2000000, 0x00000000e2100000|  0%| F|  |TAMS 0x00000000e2000000, 0x00000000e2000000| Untracked 
|  33|0x00000000e2100000, 0x00000000e2100000, 0x00000000e2200000|  0%| F|  |TAMS 0x00000000e2100000, 0x00000000e2100000| Untracked 
|  34|0x00000000e2200000, 0x00000000e2200000, 0x00000000e2300000|  0%| F|  |TAMS 0x00000000e2200000, 0x00000000e2200000| Untracked 
|  35|0x00000000e2300000, 0x00000000e2300000, 0x00000000e2400000|  0%| F|  |TAMS 0x00000000e2300000, 0x00000000e2300000| Untracked 
|  36|0x00000000e2400000, 0x00000000e2400000, 0x00000000e2500000|  0%| F|  |TAMS 0x00000000e2400000, 0x00000000e2400000| Untracked 
|  37|0x00000000e2500000, 0x00000000e2500000, 0x00000000e2600000|  0%| F|  |TAMS 0x00000000e2500000, 0x00000000e2500000| Untracked 
|  38|0x00000000e2600000, 0x00000000e2600000, 0x00000000e2700000|  0%| F|  |TAMS 0x00000000e2600000, 0x00000000e2600000| Untracked 
|  39|0x00000000e2700000, 0x00000000e2700000, 0x00000000e2800000|  0%| F|  |TAMS 0x00000000e2700000, 0x00000000e2700000| Untracked 
|  40|0x00000000e2800000, 0x00000000e2800000, 0x00000000e2900000|  0%| F|  |TAMS 0x00000000e2800000, 0x00000000e2800000| Untracked 
|  41|0x00000000e2900000, 0x00000000e2900000, 0x00000000e2a00000|  0%| F|  |TAMS 0x00000000e2900000, 0x00000000e2900000| Untracked 
|  42|0x00000000e2a00000, 0x00000000e2a00000, 0x00000000e2b00000|  0%| F|  |TAMS 0x00000000e2a00000, 0x00000000e2a00000| Untracked 
|  43|0x00000000e2b00000, 0x00000000e2b00000, 0x00000000e2c00000|  0%| F|  |TAMS 0x00000000e2b00000, 0x00000000e2b00000| Untracked 
|  44|0x00000000e2c00000, 0x00000000e2c00000, 0x00000000e2d00000|  0%| F|  |TAMS 0x00000000e2c00000, 0x00000000e2c00000| Untracked 
|  45|0x00000000e2d00000, 0x00000000e2d00000, 0x00000000e2e00000|  0%| F|  |TAMS 0x00000000e2d00000, 0x00000000e2d00000| Untracked 
|  46|0x00000000e2e00000, 0x00000000e2e00000, 0x00000000e2f00000|  0%| F|  |TAMS 0x00000000e2e00000, 0x00000000e2e00000| Untracked 
|  47|0x00000000e2f00000, 0x00000000e2f00000, 0x00000000e3000000|  0%| F|  |TAMS 0x00000000e2f00000, 0x00000000e2f00000| Untracked 
|  48|0x00000000e3000000, 0x00000000e3000000, 0x00000000e3100000|  0%| F|  |TAMS 0x00000000e3000000, 0x00000000e3000000| Untracked 
|  49|0x00000000e3100000, 0x00000000e3100000, 0x00000000e3200000|  0%| F|  |TAMS 0x00000000e3100000, 0x00000000e3100000| Untracked 
|  50|0x00000000e3200000, 0x00000000e3200000, 0x00000000e3300000|  0%| F|  |TAMS 0x00000000e3200000, 0x00000000e3200000| Untracked 
|  51|0x00000000e3300000, 0x00000000e3300000, 0x00000000e3400000|  0%| F|  |TAMS 0x00000000e3300000, 0x00000000e3300000| Untracked 
|  52|0x00000000e3400000, 0x00000000e3400000, 0x00000000e3500000|  0%| F|  |TAMS 0x00000000e3400000, 0x00000000e3400000| Untracked 
|  53|0x00000000e3500000, 0x00000000e3500000, 0x00000000e3600000|  0%| F|  |TAMS 0x00000000e3500000, 0x00000000e3500000| Untracked 
|  54|0x00000000e3600000, 0x00000000e3600000, 0x00000000e3700000|  0%| F|  |TAMS 0x00000000e3600000, 0x00000000e3600000| Untracked 
|  55|0x00000000e3700000, 0x00000000e3700000, 0x00000000e3800000|  0%| F|  |TAMS 0x00000000e3700000, 0x00000000e3700000| Untracked 
|  56|0x00000000e3800000, 0x00000000e3800000, 0x00000000e3900000|  0%| F|  |TAMS 0x00000000e3800000, 0x00000000e3800000| Untracked 
|  57|0x00000000e3900000, 0x00000000e3900000, 0x00000000e3a00000|  0%| F|  |TAMS 0x00000000e3900000, 0x00000000e3900000| Untracked 
|  58|0x00000000e3a00000, 0x00000000e3a00000, 0x00000000e3b00000|  0%| F|  |TAMS 0x00000000e3a00000, 0x00000000e3a00000| Untracked 
|  59|0x00000000e3b00000, 0x00000000e3b00000, 0x00000000e3c00000|  0%| F|  |TAMS 0x00000000e3b00000, 0x00000000e3b00000| Untracked 
|  60|0x00000000e3c00000, 0x00000000e3c00000, 0x00000000e3d00000|  0%| F|  |TAMS 0x00000000e3c00000, 0x00000000e3c00000| Untracked 
|  61|0x00000000e3d00000, 0x00000000e3d00000, 0x00000000e3e00000|  0%| F|  |TAMS 0x00000000e3d00000, 0x00000000e3d00000| Untracked 
|  62|0x00000000e3e00000, 0x00000000e3e00000, 0x00000000e3f00000|  0%| F|  |TAMS 0x00000000e3e00000, 0x00000000e3e00000| Untracked 
|  63|0x00000000e3f00000, 0x00000000e3f00000, 0x00000000e4000000|  0%| F|  |TAMS 0x00000000e3f00000, 0x00000000e3f00000| Untracked 
|  64|0x00000000e4000000, 0x00000000e4000000, 0x00000000e4100000|  0%| F|  |TAMS 0x00000000e4000000, 0x00000000e4000000| Untracked 
|  65|0x00000000e4100000, 0x00000000e4100000, 0x00000000e4200000|  0%| F|  |TAMS 0x00000000e4100000, 0x00000000e4100000| Untracked 
|  66|0x00000000e4200000, 0x00000000e4200000, 0x00000000e4300000|  0%| F|  |TAMS 0x00000000e4200000, 0x00000000e4200000| Untracked 
|  67|0x00000000e4300000, 0x00000000e4300000, 0x00000000e4400000|  0%| F|  |TAMS 0x00000000e4300000, 0x00000000e4300000| Untracked 
|  68|0x00000000e4400000, 0x00000000e4400000, 0x00000000e4500000|  0%| F|  |TAMS 0x00000000e4400000, 0x00000000e4400000| Untracked 
|  69|0x00000000e4500000, 0x00000000e4500000, 0x00000000e4600000|  0%| F|  |TAMS 0x00000000e4500000, 0x00000000e4500000| Untracked 
|  70|0x00000000e4600000, 0x00000000e4600000, 0x00000000e4700000|  0%| F|  |TAMS 0x00000000e4600000, 0x00000000e4600000| Untracked 
|  71|0x00000000e4700000, 0x00000000e4700000, 0x00000000e4800000|  0%| F|  |TAMS 0x00000000e4700000, 0x00000000e4700000| Untracked 
|  72|0x00000000e4800000, 0x00000000e4800000, 0x00000000e4900000|  0%| F|  |TAMS 0x00000000e4800000, 0x00000000e4800000| Untracked 
|  73|0x00000000e4900000, 0x00000000e4900000, 0x00000000e4a00000|  0%| F|  |TAMS 0x00000000e4900000, 0x00000000e4900000| Untracked 
|  74|0x00000000e4a00000, 0x00000000e4a00000, 0x00000000e4b00000|  0%| F|  |TAMS 0x00000000e4a00000, 0x00000000e4a00000| Untracked 
|  75|0x00000000e4b00000, 0x00000000e4b00000, 0x00000000e4c00000|  0%| F|  |TAMS 0x00000000e4b00000, 0x00000000e4b00000| Untracked 
|  76|0x00000000e4c00000, 0x00000000e4c00000, 0x00000000e4d00000|  0%| F|  |TAMS 0x00000000e4c00000, 0x00000000e4c00000| Untracked 
|  77|0x00000000e4d00000, 0x00000000e4d00000, 0x00000000e4e00000|  0%| F|  |TAMS 0x00000000e4d00000, 0x00000000e4d00000| Untracked 
|  78|0x00000000e4e00000, 0x00000000e4e00000, 0x00000000e4f00000|  0%| F|  |TAMS 0x00000000e4e00000, 0x00000000e4e00000| Untracked 
|  79|0x00000000e4f00000, 0x00000000e4f00000, 0x00000000e5000000|  0%| F|  |TAMS 0x00000000e4f00000, 0x00000000e4f00000| Untracked 
|  80|0x00000000e5000000, 0x00000000e5000000, 0x00000000e5100000|  0%| F|  |TAMS 0x00000000e5000000, 0x00000000e5000000| Untracked 
|  81|0x00000000e5100000, 0x00000000e5100000, 0x00000000e5200000|  0%| F|  |TAMS 0x00000000e5100000, 0x00000000e5100000| Untracked 
|  82|0x00000000e5200000, 0x00000000e5200000, 0x00000000e5300000|  0%| F|  |TAMS 0x00000000e5200000, 0x00000000e5200000| Untracked 
|  83|0x00000000e5300000, 0x00000000e5300000, 0x00000000e5400000|  0%| F|  |TAMS 0x00000000e5300000, 0x00000000e5300000| Untracked 
|  84|0x00000000e5400000, 0x00000000e5400000, 0x00000000e5500000|  0%| F|  |TAMS 0x00000000e5400000, 0x00000000e5400000| Untracked 
|  85|0x00000000e5500000, 0x00000000e5500000, 0x00000000e5600000|  0%| F|  |TAMS 0x00000000e5500000, 0x00000000e5500000| Untracked 
|  86|0x00000000e5600000, 0x00000000e5600000, 0x00000000e5700000|  0%| F|  |TAMS 0x00000000e5600000, 0x00000000e5600000| Untracked 
|  87|0x00000000e5700000, 0x00000000e5700000, 0x00000000e5800000|  0%| F|  |TAMS 0x00000000e5700000, 0x00000000e5700000| Untracked 
|  88|0x00000000e5800000, 0x00000000e5800000, 0x00000000e5900000|  0%| F|  |TAMS 0x00000000e5800000, 0x00000000e5800000| Untracked 
|  89|0x00000000e5900000, 0x00000000e5900000, 0x00000000e5a00000|  0%| F|  |TAMS 0x00000000e5900000, 0x00000000e5900000| Untracked 
|  90|0x00000000e5a00000, 0x00000000e5a00000, 0x00000000e5b00000|  0%| F|  |TAMS 0x00000000e5a00000, 0x00000000e5a00000| Untracked 
|  91|0x00000000e5b00000, 0x00000000e5b00000, 0x00000000e5c00000|  0%| F|  |TAMS 0x00000000e5b00000, 0x00000000e5b00000| Untracked 
|  92|0x00000000e5c00000, 0x00000000e5c00000, 0x00000000e5d00000|  0%| F|  |TAMS 0x00000000e5c00000, 0x00000000e5c00000| Untracked 
|  93|0x00000000e5d00000, 0x00000000e5d00000, 0x00000000e5e00000|  0%| F|  |TAMS 0x00000000e5d00000, 0x00000000e5d00000| Untracked 
|  94|0x00000000e5e00000, 0x00000000e5e00000, 0x00000000e5f00000|  0%| F|  |TAMS 0x00000000e5e00000, 0x00000000e5e00000| Untracked 
|  95|0x00000000e5f00000, 0x00000000e5f00000, 0x00000000e6000000|  0%| F|  |TAMS 0x00000000e5f00000, 0x00000000e5f00000| Untracked 
|  96|0x00000000e6000000, 0x00000000e6000000, 0x00000000e6100000|  0%| F|  |TAMS 0x00000000e6000000, 0x00000000e6000000| Untracked 
|  97|0x00000000e6100000, 0x00000000e6100000, 0x00000000e6200000|  0%| F|  |TAMS 0x00000000e6100000, 0x00000000e6100000| Untracked 
|  98|0x00000000e6200000, 0x00000000e6200000, 0x00000000e6300000|  0%| F|  |TAMS 0x00000000e6200000, 0x00000000e6200000| Untracked 
|  99|0x00000000e6300000, 0x00000000e6300000, 0x00000000e6400000|  0%| F|  |TAMS 0x00000000e6300000, 0x00000000e6300000| Untracked 
| 100|0x00000000e6400000, 0x00000000e6400000, 0x00000000e6500000|  0%| F|  |TAMS 0x00000000e6400000, 0x00000000e6400000| Untracked 
| 101|0x00000000e6500000, 0x00000000e6500000, 0x00000000e6600000|  0%| F|  |TAMS 0x00000000e6500000, 0x00000000e6500000| Untracked 
| 102|0x00000000e6600000, 0x00000000e6600000, 0x00000000e6700000|  0%| F|  |TAMS 0x00000000e6600000, 0x00000000e6600000| Untracked 
| 103|0x00000000e6700000, 0x00000000e6700000, 0x00000000e6800000|  0%| F|  |TAMS 0x00000000e6700000, 0x00000000e6700000| Untracked 
| 104|0x00000000e6800000, 0x00000000e6800000, 0x00000000e6900000|  0%| F|  |TAMS 0x00000000e6800000, 0x00000000e6800000| Untracked 
| 105|0x00000000e6900000, 0x00000000e6900000, 0x00000000e6a00000|  0%| F|  |TAMS 0x00000000e6900000, 0x00000000e6900000| Untracked 
| 106|0x00000000e6a00000, 0x00000000e6a00000, 0x00000000e6b00000|  0%| F|  |TAMS 0x00000000e6a00000, 0x00000000e6a00000| Untracked 
| 107|0x00000000e6b00000, 0x00000000e6b00000, 0x00000000e6c00000|  0%| F|  |TAMS 0x00000000e6b00000, 0x00000000e6b00000| Untracked 
| 108|0x00000000e6c00000, 0x00000000e6c00000, 0x00000000e6d00000|  0%| F|  |TAMS 0x00000000e6c00000, 0x00000000e6c00000| Untracked 
| 109|0x00000000e6d00000, 0x00000000e6d00000, 0x00000000e6e00000|  0%| F|  |TAMS 0x00000000e6d00000, 0x00000000e6d00000| Untracked 
| 110|0x00000000e6e00000, 0x00000000e6e00000, 0x00000000e6f00000|  0%| F|  |TAMS 0x00000000e6e00000, 0x00000000e6e00000| Untracked 
| 111|0x00000000e6f00000, 0x00000000e6f00000, 0x00000000e7000000|  0%| F|  |TAMS 0x00000000e6f00000, 0x00000000e6f00000| Untracked 
| 112|0x00000000e7000000, 0x00000000e7000000, 0x00000000e7100000|  0%| F|  |TAMS 0x00000000e7000000, 0x00000000e7000000| Untracked 
| 113|0x00000000e7100000, 0x00000000e7100000, 0x00000000e7200000|  0%| F|  |TAMS 0x00000000e7100000, 0x00000000e7100000| Untracked 
| 114|0x00000000e7200000, 0x00000000e7200000, 0x00000000e7300000|  0%| F|  |TAMS 0x00000000e7200000, 0x00000000e7200000| Untracked 
| 115|0x00000000e7300000, 0x00000000e7300000, 0x00000000e7400000|  0%| F|  |TAMS 0x00000000e7300000, 0x00000000e7300000| Untracked 
| 116|0x00000000e7400000, 0x00000000e7400000, 0x00000000e7500000|  0%| F|  |TAMS 0x00000000e7400000, 0x00000000e7400000| Untracked 
| 117|0x00000000e7500000, 0x00000000e7500000, 0x00000000e7600000|  0%| F|  |TAMS 0x00000000e7500000, 0x00000000e7500000| Untracked 
| 118|0x00000000e7600000, 0x00000000e7600000, 0x00000000e7700000|  0%| F|  |TAMS 0x00000000e7600000, 0x00000000e7600000| Untracked 
| 119|0x00000000e7700000, 0x00000000e7700000, 0x00000000e7800000|  0%| F|  |TAMS 0x00000000e7700000, 0x00000000e7700000| Untracked 
| 120|0x00000000e7800000, 0x00000000e7800000, 0x00000000e7900000|  0%| F|  |TAMS 0x00000000e7800000, 0x00000000e7800000| Untracked 
| 121|0x00000000e7900000, 0x00000000e7900000, 0x00000000e7a00000|  0%| F|  |TAMS 0x00000000e7900000, 0x00000000e7900000| Untracked 
| 122|0x00000000e7a00000, 0x00000000e7b00000, 0x00000000e7b00000|100%| E|CS|TAMS 0x00000000e7a00000, 0x00000000e7a00000| Complete 
| 123|0x00000000e7b00000, 0x00000000e7c00000, 0x00000000e7c00000|100%| E|CS|TAMS 0x00000000e7b00000, 0x00000000e7b00000| Complete 
| 124|0x00000000e7c00000, 0x00000000e7d00000, 0x00000000e7d00000|100%| E|CS|TAMS 0x00000000e7c00000, 0x00000000e7c00000| Complete 
| 125|0x00000000e7d00000, 0x00000000e7e00000, 0x00000000e7e00000|100%| E|CS|TAMS 0x00000000e7d00000, 0x00000000e7d00000| Complete 
| 126|0x00000000e7e00000, 0x00000000e7f00000, 0x00000000e7f00000|100%| E|CS|TAMS 0x00000000e7e00000, 0x00000000e7e00000| Complete 
| 127|0x00000000e7f00000, 0x00000000e8000000, 0x00000000e8000000|100%| E|CS|TAMS 0x00000000e7f00000, 0x00000000e7f00000| Complete 
| 128|0x00000000e8000000, 0x00000000e8100000, 0x00000000e8100000|100%| E|CS|TAMS 0x00000000e8000000, 0x00000000e8000000| Complete 
| 129|0x00000000e8100000, 0x00000000e8200000, 0x00000000e8200000|100%| E|CS|TAMS 0x00000000e8100000, 0x00000000e8100000| Complete 
| 130|0x00000000e8200000, 0x00000000e8300000, 0x00000000e8300000|100%| E|CS|TAMS 0x00000000e8200000, 0x00000000e8200000| Complete 
| 131|0x00000000e8300000, 0x00000000e8400000, 0x00000000e8400000|100%| E|CS|TAMS 0x00000000e8300000, 0x00000000e8300000| Complete 
| 132|0x00000000e8400000, 0x00000000e8500000, 0x00000000e8500000|100%| E|CS|TAMS 0x00000000e8400000, 0x00000000e8400000| Complete 
| 133|0x00000000e8500000, 0x00000000e8600000, 0x00000000e8600000|100%| E|CS|TAMS 0x00000000e8500000, 0x00000000e8500000| Complete 
| 134|0x00000000e8600000, 0x00000000e8700000, 0x00000000e8700000|100%| E|CS|TAMS 0x00000000e8600000, 0x00000000e8600000| Complete 
| 135|0x00000000e8700000, 0x00000000e8800000, 0x00000000e8800000|100%| E|CS|TAMS 0x00000000e8700000, 0x00000000e8700000| Complete 
| 136|0x00000000e8800000, 0x00000000e8900000, 0x00000000e8900000|100%| E|CS|TAMS 0x00000000e8800000, 0x00000000e8800000| Complete 
| 137|0x00000000e8900000, 0x00000000e8900000, 0x00000000e8a00000|  0%| F|  |TAMS 0x00000000e8900000, 0x00000000e8900000| Untracked 
| 138|0x00000000e8a00000, 0x00000000e8a00000, 0x00000000e8b00000|  0%| F|  |TAMS 0x00000000e8a00000, 0x00000000e8a00000| Untracked 
| 139|0x00000000e8b00000, 0x00000000e8b00000, 0x00000000e8c00000|  0%| F|  |TAMS 0x00000000e8b00000, 0x00000000e8b00000| Untracked 
| 140|0x00000000e8c00000, 0x00000000e8c00000, 0x00000000e8d00000|  0%| F|  |TAMS 0x00000000e8c00000, 0x00000000e8c00000| Untracked 
| 141|0x00000000e8d00000, 0x00000000e8d00000, 0x00000000e8e00000|  0%| F|  |TAMS 0x00000000e8d00000, 0x00000000e8d00000| Untracked 
| 142|0x00000000e8e00000, 0x00000000e8e00000, 0x00000000e8f00000|  0%| F|  |TAMS 0x00000000e8e00000, 0x00000000e8e00000| Untracked 
| 143|0x00000000e8f00000, 0x00000000e8f00000, 0x00000000e9000000|  0%| F|  |TAMS 0x00000000e8f00000, 0x00000000e8f00000| Untracked 
| 144|0x00000000e9000000, 0x00000000e9000000, 0x00000000e9100000|  0%| F|  |TAMS 0x00000000e9000000, 0x00000000e9000000| Untracked 
| 145|0x00000000e9100000, 0x00000000e9100000, 0x00000000e9200000|  0%| F|  |TAMS 0x00000000e9100000, 0x00000000e9100000| Untracked 
| 146|0x00000000e9200000, 0x00000000e9200000, 0x00000000e9300000|  0%| F|  |TAMS 0x00000000e9200000, 0x00000000e9200000| Untracked 
| 147|0x00000000e9300000, 0x00000000e9300000, 0x00000000e9400000|  0%| F|  |TAMS 0x00000000e9300000, 0x00000000e9300000| Untracked 
| 148|0x00000000e9400000, 0x00000000e9400000, 0x00000000e9500000|  0%| F|  |TAMS 0x00000000e9400000, 0x00000000e9400000| Untracked 
| 149|0x00000000e9500000, 0x00000000e9500000, 0x00000000e9600000|  0%| F|  |TAMS 0x00000000e9500000, 0x00000000e9500000| Untracked 
| 150|0x00000000e9600000, 0x00000000e9600000, 0x00000000e9700000|  0%| F|  |TAMS 0x00000000e9600000, 0x00000000e9600000| Untracked 
| 151|0x00000000e9700000, 0x00000000e9700000, 0x00000000e9800000|  0%| F|  |TAMS 0x00000000e9700000, 0x00000000e9700000| Untracked 
| 152|0x00000000e9800000, 0x00000000e9800000, 0x00000000e9900000|  0%| F|  |TAMS 0x00000000e9800000, 0x00000000e9800000| Untracked 
| 153|0x00000000e9900000, 0x00000000e9900000, 0x00000000e9a00000|  0%| F|  |TAMS 0x00000000e9900000, 0x00000000e9900000| Untracked 
| 154|0x00000000e9a00000, 0x00000000e9a00000, 0x00000000e9b00000|  0%| F|  |TAMS 0x00000000e9a00000, 0x00000000e9a00000| Untracked 
| 155|0x00000000e9b00000, 0x00000000e9b00000, 0x00000000e9c00000|  0%| F|  |TAMS 0x00000000e9b00000, 0x00000000e9b00000| Untracked 
| 156|0x00000000e9c00000, 0x00000000e9c00000, 0x00000000e9d00000|  0%| F|  |TAMS 0x00000000e9c00000, 0x00000000e9c00000| Untracked 
| 157|0x00000000e9d00000, 0x00000000e9d00000, 0x00000000e9e00000|  0%| F|  |TAMS 0x00000000e9d00000, 0x00000000e9d00000| Untracked 
| 158|0x00000000e9e00000, 0x00000000e9e00000, 0x00000000e9f00000|  0%| F|  |TAMS 0x00000000e9e00000, 0x00000000e9e00000| Untracked 
| 159|0x00000000e9f00000, 0x00000000e9f00000, 0x00000000ea000000|  0%| F|  |TAMS 0x00000000e9f00000, 0x00000000e9f00000| Untracked 
| 160|0x00000000ea000000, 0x00000000ea000000, 0x00000000ea100000|  0%| F|  |TAMS 0x00000000ea000000, 0x00000000ea000000| Untracked 
| 161|0x00000000ea100000, 0x00000000ea100000, 0x00000000ea200000|  0%| F|  |TAMS 0x00000000ea100000, 0x00000000ea100000| Untracked 
| 162|0x00000000ea200000, 0x00000000ea200000, 0x00000000ea300000|  0%| F|  |TAMS 0x00000000ea200000, 0x00000000ea200000| Untracked 
| 163|0x00000000ea300000, 0x00000000ea300000, 0x00000000ea400000|  0%| F|  |TAMS 0x00000000ea300000, 0x00000000ea300000| Untracked 
| 164|0x00000000ea400000, 0x00000000ea500000, 0x00000000ea500000|100%| S|  |TAMS 0x00000000ea400000, 0x00000000ea400000| Complete 
| 165|0x00000000ea500000, 0x00000000ea600000, 0x00000000ea600000|100%| S|  |TAMS 0x00000000ea500000, 0x00000000ea500000| Complete 
| 166|0x00000000ea600000, 0x00000000ea700000, 0x00000000ea700000|100%| S|  |TAMS 0x00000000ea600000, 0x00000000ea600000| Complete 
| 167|0x00000000ea700000, 0x00000000ea800000, 0x00000000ea800000|100%| S|  |TAMS 0x00000000ea700000, 0x00000000ea700000| Complete 
| 168|0x00000000ea800000, 0x00000000ea900000, 0x00000000ea900000|100%| S|  |TAMS 0x00000000ea800000, 0x00000000ea800000| Complete 
| 169|0x00000000ea900000, 0x00000000eaa00000, 0x00000000eaa00000|100%| S|  |TAMS 0x00000000ea900000, 0x00000000ea900000| Complete 
| 170|0x00000000eaa00000, 0x00000000eab00000, 0x00000000eab00000|100%| S|  |TAMS 0x00000000eaa00000, 0x00000000eaa00000| Complete 
| 171|0x00000000eab00000, 0x00000000eac00000, 0x00000000eac00000|100%| S|  |TAMS 0x00000000eab00000, 0x00000000eab00000| Complete 
| 172|0x00000000eac00000, 0x00000000ead00000, 0x00000000ead00000|100%| S|  |TAMS 0x00000000eac00000, 0x00000000eac00000| Complete 
| 173|0x00000000ead00000, 0x00000000eae00000, 0x00000000eae00000|100%| S|  |TAMS 0x00000000ead00000, 0x00000000ead00000| Complete 
| 174|0x00000000eae00000, 0x00000000eaf00000, 0x00000000eaf00000|100%| E|CS|TAMS 0x00000000eae00000, 0x00000000eae00000| Complete 
| 175|0x00000000eaf00000, 0x00000000eb000000, 0x00000000eb000000|100%| E|CS|TAMS 0x00000000eaf00000, 0x00000000eaf00000| Complete 
| 176|0x00000000eb000000, 0x00000000eb100000, 0x00000000eb100000|100%| E|CS|TAMS 0x00000000eb000000, 0x00000000eb000000| Complete 
| 177|0x00000000eb100000, 0x00000000eb200000, 0x00000000eb200000|100%| E|CS|TAMS 0x00000000eb100000, 0x00000000eb100000| Complete 
| 178|0x00000000eb200000, 0x00000000eb300000, 0x00000000eb300000|100%| E|CS|TAMS 0x00000000eb200000, 0x00000000eb200000| Complete 
| 179|0x00000000eb300000, 0x00000000eb400000, 0x00000000eb400000|100%| E|CS|TAMS 0x00000000eb300000, 0x00000000eb300000| Complete 
| 180|0x00000000eb400000, 0x00000000eb500000, 0x00000000eb500000|100%| E|CS|TAMS 0x00000000eb400000, 0x00000000eb400000| Complete 
| 181|0x00000000eb500000, 0x00000000eb600000, 0x00000000eb600000|100%| E|CS|TAMS 0x00000000eb500000, 0x00000000eb500000| Complete 
| 182|0x00000000eb600000, 0x00000000eb700000, 0x00000000eb700000|100%| E|CS|TAMS 0x00000000eb600000, 0x00000000eb600000| Complete 
| 183|0x00000000eb700000, 0x00000000eb800000, 0x00000000eb800000|100%| E|CS|TAMS 0x00000000eb700000, 0x00000000eb700000| Complete 
| 184|0x00000000eb800000, 0x00000000eb900000, 0x00000000eb900000|100%| E|CS|TAMS 0x00000000eb800000, 0x00000000eb800000| Complete 
| 185|0x00000000eb900000, 0x00000000eba00000, 0x00000000eba00000|100%| E|CS|TAMS 0x00000000eb900000, 0x00000000eb900000| Complete 
| 186|0x00000000eba00000, 0x00000000ebb00000, 0x00000000ebb00000|100%| E|CS|TAMS 0x00000000eba00000, 0x00000000eba00000| Complete 
| 187|0x00000000ebb00000, 0x00000000ebc00000, 0x00000000ebc00000|100%| E|CS|TAMS 0x00000000ebb00000, 0x00000000ebb00000| Complete 
| 188|0x00000000ebc00000, 0x00000000ebd00000, 0x00000000ebd00000|100%| E|CS|TAMS 0x00000000ebc00000, 0x00000000ebc00000| Complete 
| 189|0x00000000ebd00000, 0x00000000ebe00000, 0x00000000ebe00000|100%| E|CS|TAMS 0x00000000ebd00000, 0x00000000ebd00000| Complete 
| 190|0x00000000ebe00000, 0x00000000ebf00000, 0x00000000ebf00000|100%| E|CS|TAMS 0x00000000ebe00000, 0x00000000ebe00000| Complete 
| 191|0x00000000ebf00000, 0x00000000ec000000, 0x00000000ec000000|100%| E|CS|TAMS 0x00000000ebf00000, 0x00000000ebf00000| Complete 
| 192|0x00000000ec000000, 0x00000000ec100000, 0x00000000ec100000|100%| E|CS|TAMS 0x00000000ec000000, 0x00000000ec000000| Complete 
| 193|0x00000000ec100000, 0x00000000ec200000, 0x00000000ec200000|100%| E|CS|TAMS 0x00000000ec100000, 0x00000000ec100000| Complete 
| 194|0x00000000ec200000, 0x00000000ec300000, 0x00000000ec300000|100%| E|CS|TAMS 0x00000000ec200000, 0x00000000ec200000| Complete 
| 195|0x00000000ec300000, 0x00000000ec400000, 0x00000000ec400000|100%| E|CS|TAMS 0x00000000ec300000, 0x00000000ec300000| Complete 
| 196|0x00000000ec400000, 0x00000000ec500000, 0x00000000ec500000|100%| E|CS|TAMS 0x00000000ec400000, 0x00000000ec400000| Complete 
| 197|0x00000000ec500000, 0x00000000ec600000, 0x00000000ec600000|100%| E|CS|TAMS 0x00000000ec500000, 0x00000000ec500000| Complete 
| 198|0x00000000ec600000, 0x00000000ec700000, 0x00000000ec700000|100%| E|CS|TAMS 0x00000000ec600000, 0x00000000ec600000| Complete 
| 199|0x00000000ec700000, 0x00000000ec800000, 0x00000000ec800000|100%| E|CS|TAMS 0x00000000ec700000, 0x00000000ec700000| Complete 
| 200|0x00000000ec800000, 0x00000000ec900000, 0x00000000ec900000|100%| E|CS|TAMS 0x00000000ec800000, 0x00000000ec800000| Complete 
| 201|0x00000000ec900000, 0x00000000eca00000, 0x00000000eca00000|100%| E|CS|TAMS 0x00000000ec900000, 0x00000000ec900000| Complete 
| 202|0x00000000eca00000, 0x00000000ecb00000, 0x00000000ecb00000|100%| E|CS|TAMS 0x00000000eca00000, 0x00000000eca00000| Complete 
| 203|0x00000000ecb00000, 0x00000000ecc00000, 0x00000000ecc00000|100%| E|CS|TAMS 0x00000000ecb00000, 0x00000000ecb00000| Complete 
| 204|0x00000000ecc00000, 0x00000000ecd00000, 0x00000000ecd00000|100%| E|CS|TAMS 0x00000000ecc00000, 0x00000000ecc00000| Complete 
| 205|0x00000000ecd00000, 0x00000000ece00000, 0x00000000ece00000|100%| E|CS|TAMS 0x00000000ecd00000, 0x00000000ecd00000| Complete 
| 206|0x00000000ece00000, 0x00000000ecf00000, 0x00000000ecf00000|100%| E|CS|TAMS 0x00000000ece00000, 0x00000000ece00000| Complete 
| 207|0x00000000ecf00000, 0x00000000ed000000, 0x00000000ed000000|100%| E|CS|TAMS 0x00000000ecf00000, 0x00000000ecf00000| Complete 
| 208|0x00000000ed000000, 0x00000000ed100000, 0x00000000ed100000|100%| E|CS|TAMS 0x00000000ed000000, 0x00000000ed000000| Complete 
| 209|0x00000000ed100000, 0x00000000ed200000, 0x00000000ed200000|100%| E|CS|TAMS 0x00000000ed100000, 0x00000000ed100000| Complete 
| 210|0x00000000ed200000, 0x00000000ed300000, 0x00000000ed300000|100%| E|CS|TAMS 0x00000000ed200000, 0x00000000ed200000| Complete 
| 211|0x00000000ed300000, 0x00000000ed400000, 0x00000000ed400000|100%| E|CS|TAMS 0x00000000ed300000, 0x00000000ed300000| Complete 
| 212|0x00000000ed400000, 0x00000000ed500000, 0x00000000ed500000|100%| E|CS|TAMS 0x00000000ed400000, 0x00000000ed400000| Complete 
| 213|0x00000000ed500000, 0x00000000ed600000, 0x00000000ed600000|100%| E|CS|TAMS 0x00000000ed500000, 0x00000000ed500000| Complete 
| 214|0x00000000ed600000, 0x00000000ed700000, 0x00000000ed700000|100%| E|CS|TAMS 0x00000000ed600000, 0x00000000ed600000| Complete 
| 215|0x00000000ed700000, 0x00000000ed800000, 0x00000000ed800000|100%| E|CS|TAMS 0x00000000ed700000, 0x00000000ed700000| Complete 
| 216|0x00000000ed800000, 0x00000000ed900000, 0x00000000ed900000|100%| E|CS|TAMS 0x00000000ed800000, 0x00000000ed800000| Complete 
| 217|0x00000000ed900000, 0x00000000eda00000, 0x00000000eda00000|100%| E|CS|TAMS 0x00000000ed900000, 0x00000000ed900000| Complete 
| 218|0x00000000eda00000, 0x00000000edb00000, 0x00000000edb00000|100%| E|CS|TAMS 0x00000000eda00000, 0x00000000eda00000| Complete 
| 219|0x00000000edb00000, 0x00000000edc00000, 0x00000000edc00000|100%| E|CS|TAMS 0x00000000edb00000, 0x00000000edb00000| Complete 
| 220|0x00000000edc00000, 0x00000000edd00000, 0x00000000edd00000|100%| E|CS|TAMS 0x00000000edc00000, 0x00000000edc00000| Complete 
| 221|0x00000000edd00000, 0x00000000ede00000, 0x00000000ede00000|100%| E|CS|TAMS 0x00000000edd00000, 0x00000000edd00000| Complete 
| 222|0x00000000ede00000, 0x00000000edf00000, 0x00000000edf00000|100%| E|CS|TAMS 0x00000000ede00000, 0x00000000ede00000| Complete 
| 223|0x00000000edf00000, 0x00000000ee000000, 0x00000000ee000000|100%| E|CS|TAMS 0x00000000edf00000, 0x00000000edf00000| Complete 
| 224|0x00000000ee000000, 0x00000000ee100000, 0x00000000ee100000|100%| E|CS|TAMS 0x00000000ee000000, 0x00000000ee000000| Complete 
| 225|0x00000000ee100000, 0x00000000ee200000, 0x00000000ee200000|100%| E|CS|TAMS 0x00000000ee100000, 0x00000000ee100000| Complete 
| 226|0x00000000ee200000, 0x00000000ee300000, 0x00000000ee300000|100%| E|CS|TAMS 0x00000000ee200000, 0x00000000ee200000| Complete 
| 227|0x00000000ee300000, 0x00000000ee400000, 0x00000000ee400000|100%| E|CS|TAMS 0x00000000ee300000, 0x00000000ee300000| Complete 
| 228|0x00000000ee400000, 0x00000000ee500000, 0x00000000ee500000|100%| E|CS|TAMS 0x00000000ee400000, 0x00000000ee400000| Complete 
| 229|0x00000000ee500000, 0x00000000ee600000, 0x00000000ee600000|100%| E|CS|TAMS 0x00000000ee500000, 0x00000000ee500000| Complete 
| 230|0x00000000ee600000, 0x00000000ee700000, 0x00000000ee700000|100%| E|CS|TAMS 0x00000000ee600000, 0x00000000ee600000| Complete 
| 231|0x00000000ee700000, 0x00000000ee800000, 0x00000000ee800000|100%| E|CS|TAMS 0x00000000ee700000, 0x00000000ee700000| Complete 
| 232|0x00000000ee800000, 0x00000000ee900000, 0x00000000ee900000|100%| E|CS|TAMS 0x00000000ee800000, 0x00000000ee800000| Complete 
| 233|0x00000000ee900000, 0x00000000eea00000, 0x00000000eea00000|100%| E|CS|TAMS 0x00000000ee900000, 0x00000000ee900000| Complete 
| 234|0x00000000eea00000, 0x00000000eeb00000, 0x00000000eeb00000|100%| E|CS|TAMS 0x00000000eea00000, 0x00000000eea00000| Complete 
| 235|0x00000000eeb00000, 0x00000000eec00000, 0x00000000eec00000|100%| E|CS|TAMS 0x00000000eeb00000, 0x00000000eeb00000| Complete 
| 236|0x00000000eec00000, 0x00000000eed00000, 0x00000000eed00000|100%| E|CS|TAMS 0x00000000eec00000, 0x00000000eec00000| Complete 
| 237|0x00000000eed00000, 0x00000000eee00000, 0x00000000eee00000|100%| E|CS|TAMS 0x00000000eed00000, 0x00000000eed00000| Complete 
| 238|0x00000000eee00000, 0x00000000eef00000, 0x00000000eef00000|100%| E|CS|TAMS 0x00000000eee00000, 0x00000000eee00000| Complete 
| 239|0x00000000eef00000, 0x00000000ef000000, 0x00000000ef000000|100%| E|CS|TAMS 0x00000000eef00000, 0x00000000eef00000| Complete 
| 240|0x00000000ef000000, 0x00000000ef100000, 0x00000000ef100000|100%| E|CS|TAMS 0x00000000ef000000, 0x00000000ef000000| Complete 
| 241|0x00000000ef100000, 0x00000000ef200000, 0x00000000ef200000|100%| E|CS|TAMS 0x00000000ef100000, 0x00000000ef100000| Complete 
| 242|0x00000000ef200000, 0x00000000ef300000, 0x00000000ef300000|100%| E|CS|TAMS 0x00000000ef200000, 0x00000000ef200000| Complete 
| 243|0x00000000ef300000, 0x00000000ef400000, 0x00000000ef400000|100%| E|CS|TAMS 0x00000000ef300000, 0x00000000ef300000| Complete 
| 244|0x00000000ef400000, 0x00000000ef500000, 0x00000000ef500000|100%| E|CS|TAMS 0x00000000ef400000, 0x00000000ef400000| Complete 
| 245|0x00000000ef500000, 0x00000000ef600000, 0x00000000ef600000|100%| E|CS|TAMS 0x00000000ef500000, 0x00000000ef500000| Complete 
| 246|0x00000000ef600000, 0x00000000ef700000, 0x00000000ef700000|100%| E|CS|TAMS 0x00000000ef600000, 0x00000000ef600000| Complete 
| 247|0x00000000ef700000, 0x00000000ef800000, 0x00000000ef800000|100%| E|CS|TAMS 0x00000000ef700000, 0x00000000ef700000| Complete 
| 248|0x00000000ef800000, 0x00000000ef900000, 0x00000000ef900000|100%| E|CS|TAMS 0x00000000ef800000, 0x00000000ef800000| Complete 
| 249|0x00000000ef900000, 0x00000000efa00000, 0x00000000efa00000|100%| E|CS|TAMS 0x00000000ef900000, 0x00000000ef900000| Complete 
| 250|0x00000000efa00000, 0x00000000efb00000, 0x00000000efb00000|100%| E|CS|TAMS 0x00000000efa00000, 0x00000000efa00000| Complete 
| 251|0x00000000efb00000, 0x00000000efc00000, 0x00000000efc00000|100%| E|CS|TAMS 0x00000000efb00000, 0x00000000efb00000| Complete 
| 252|0x00000000efc00000, 0x00000000efd00000, 0x00000000efd00000|100%| E|CS|TAMS 0x00000000efc00000, 0x00000000efc00000| Complete 
| 253|0x00000000efd00000, 0x00000000efe00000, 0x00000000efe00000|100%| E|CS|TAMS 0x00000000efd00000, 0x00000000efd00000| Complete 
| 254|0x00000000efe00000, 0x00000000eff00000, 0x00000000eff00000|100%| E|CS|TAMS 0x00000000efe00000, 0x00000000efe00000| Complete 
| 255|0x00000000eff00000, 0x00000000f0000000, 0x00000000f0000000|100%| E|CS|TAMS 0x00000000eff00000, 0x00000000eff00000| Complete 

Card table byte_map: [0x0000026ec1b00000,0x0000026ec1c00000] _byte_map_base: 0x0000026ec1400000

Marking Bits (Prev, Next): (CMBitMap*) 0x0000026eab01ffa0, (CMBitMap*) 0x0000026eab01ffe0
 Prev Bits: [0x0000026ec1d00000, 0x0000026ec2500000)
 Next Bits: [0x0000026ec2500000, 0x0000026ec2d00000)

Polling page: 0x0000026ea8e50000

Metaspace:

Usage:
  Non-class:     35.84 MB used.
      Class:      5.73 MB used.
       Both:     41.57 MB used.

Virtual space:
  Non-class space:       40.00 MB reserved,      36.13 MB ( 90%) committed,  5 nodes.
      Class space:      208.00 MB reserved,       5.94 MB (  3%) committed,  1 nodes.
             Both:      248.00 MB reserved,      42.06 MB ( 17%) committed. 

Chunk freelists:
   Non-Class:  3.80 MB
       Class:  1.97 MB
        Both:  5.77 MB

MaxMetaspaceSize: 256.00 MB
CompressedClassSpaceSize: 208.00 MB
Initial GC threshold: 21.00 MB
Current GC threshold: 59.00 MB
CDS: on
MetaspaceReclaimPolicy: balanced
 - commit_granule_bytes: 65536.
 - commit_granule_words: 8192.
 - virtual_space_node_default_size: 1048576.
 - enlarge_chunks_in_place: 1.
 - new_chunks_are_fully_committed: 0.
 - uncommit_free_chunks: 1.
 - use_allocation_guard: 0.
 - handle_deallocations: 1.


Internal statistics:

num_allocs_failed_limit: 6.
num_arena_births: 450.
num_arena_deaths: 0.
num_vsnodes_births: 6.
num_vsnodes_deaths: 0.
num_space_committed: 673.
num_space_uncommitted: 0.
num_chunks_returned_to_freelist: 6.
num_chunks_taken_from_freelist: 2044.
num_chunk_merges: 6.
num_chunk_splits: 1358.
num_chunks_enlarged: 914.
num_purges: 0.
num_inconsistent_stats: 0.

CodeHeap 'non-profiled nmethods': size=120000Kb used=2828Kb max_used=2828Kb free=117171Kb
 bounds [0x0000026eba5d0000, 0x0000026eba8a0000, 0x0000026ec1b00000]
CodeHeap 'profiled nmethods': size=120000Kb used=11920Kb max_used=11920Kb free=108079Kb
 bounds [0x0000026eb30a0000, 0x0000026eb3c50000, 0x0000026eba5d0000]
CodeHeap 'non-nmethods': size=5760Kb used=2315Kb max_used=2376Kb free=3445Kb
 bounds [0x0000026eb2b00000, 0x0000026eb2d70000, 0x0000026eb30a0000]
 total_blobs=6783 nmethods=5954 adapters=741
 compilation: enabled
              stopped_count=0, restarted_count=0
 full_count=0

Compilation events (20 events):
Event: 15.235 Thread 0x0000026ec52d3b70 nmethod 5937 0x0000026eb3c24d90 code [0x0000026eb3c24f20, 0x0000026eb3c250b8]
Event: 15.235 Thread 0x0000026ec52d3b70 5938       3       groovyjarjarasm.asm.Frame::getLocal (46 bytes)
Event: 15.236 Thread 0x0000026ec52d3b70 nmethod 5938 0x0000026eb3c25190 code [0x0000026eb3c25340, 0x0000026eb3c25578]
Event: 15.236 Thread 0x0000026ec52d3b70 5939       3       groovyjarjarasm.asm.Label::<init> (5 bytes)
Event: 15.236 Thread 0x0000026ec52d3b70 nmethod 5939 0x0000026eb3c25690 code [0x0000026eb3c25820, 0x0000026eb3c25978]
Event: 15.236 Thread 0x0000026ec52d3b70 5940       3       groovyjarjarasm.asm.ByteVector::put12 (64 bytes)
Event: 15.237 Thread 0x0000026ec52d3b70 nmethod 5940 0x0000026eb3c25a10 code [0x0000026eb3c25bc0, 0x0000026eb3c25de8]
Event: 15.237 Thread 0x0000026ec52d3b70 5941       3       groovyjarjarasm.asm.Label::getCanonicalInstance (19 bytes)
Event: 15.237 Thread 0x0000026ec52d3b70 nmethod 5941 0x0000026eb3c25f90 code [0x0000026eb3c26120, 0x0000026eb3c26298]
Event: 15.237 Thread 0x0000026ec52d3b70 5942       3       groovyjarjarasm.asm.Frame::getAbstractTypeFromDescriptor (415 bytes)
Event: 15.240 Thread 0x0000026ec52d3b70 nmethod 5942 0x0000026eb3c26390 code [0x0000026eb3c26740, 0x0000026eb3c28398]
Event: 15.242 Thread 0x0000026ec52d3b70 5943       1       com.google.common.collect.MapMakerInternalMap$StrongKeyWeakValueSegment::access$100 (5 bytes)
Event: 15.242 Thread 0x0000026ec52d3b70 nmethod 5943 0x0000026eba892e10 code [0x0000026eba892fa0, 0x0000026eba893058]
Event: 15.243 Thread 0x0000026ec52d3b70 5944       3       java.util.stream.Collectors$$Lambda$43/0x800000054::get (16 bytes)
Event: 15.243 Thread 0x0000026ec52d3b70 nmethod 5944 0x0000026eb3c28d10 code [0x0000026eb3c28ea0, 0x0000026eb3c28fe8]
Event: 15.243 Thread 0x0000026ec52d3b70 5947       3       java.lang.reflect.Method::getGenericExceptionTypes (5 bytes)
Event: 15.245 Thread 0x0000026ec52d3b70 nmethod 5947 0x0000026eb3c29090 code [0x0000026eb3c29340, 0x0000026eb3c2a458]
Event: 15.245 Thread 0x0000026ec52d3b70 5950       3       java.lang.reflect.Method::specificToGenericStringHeader (48 bytes)
Event: 15.247 Thread 0x0000026ec52d3b70 nmethod 5950 0x0000026eb3c2a990 code [0x0000026eb3c2acc0, 0x0000026eb3c2c238]
Event: 15.247 Thread 0x0000026ec52d3b70 5948       3       java.beans.PropertyDescriptor::<init> (302 bytes)

GC Heap History (10 events):
Event: 1.447 GC heap before
{Heap before GC invocations=0 (full 0):
 garbage-first heap   total 262144K, used 16384K [0x00000000e0000000, 0x0000000100000000)
  region size 1024K, 13 young (13312K), 0 survivors (0K)
 Metaspace       used 1143K, committed 1280K, reserved 221184K
  class space    used 96K, committed 128K, reserved 212992K
}
Event: 1.452 GC heap after
{Heap after GC invocations=1 (full 0):
 garbage-first heap   total 262144K, used 3632K [0x00000000e0000000, 0x0000000100000000)
  region size 1024K, 2 young (2048K), 2 survivors (2048K)
 Metaspace       used 1143K, committed 1280K, reserved 221184K
  class space    used 96K, committed 128K, reserved 212992K
}
Event: 2.182 GC heap before
{Heap before GC invocations=1 (full 0):
 garbage-first heap   total 262144K, used 22064K [0x00000000e0000000, 0x0000000100000000)
  region size 1024K, 17 young (17408K), 2 survivors (2048K)
 Metaspace       used 3865K, committed 4032K, reserved 221184K
  class space    used 487K, committed 576K, reserved 212992K
}
Event: 2.187 GC heap after
{Heap after GC invocations=2 (full 0):
 garbage-first heap   total 262144K, used 9297K [0x00000000e0000000, 0x0000000100000000)
  region size 1024K, 3 young (3072K), 3 survivors (3072K)
 Metaspace       used 3865K, committed 4032K, reserved 221184K
  class space    used 487K, committed 576K, reserved 212992K
}
Event: 2.696 GC heap before
{Heap before GC invocations=2 (full 0):
 garbage-first heap   total 262144K, used 31825K [0x00000000e0000000, 0x0000000100000000)
  region size 1024K, 25 young (25600K), 3 survivors (3072K)
 Metaspace       used 3995K, committed 4160K, reserved 221184K
  class space    used 488K, committed 576K, reserved 212992K
}
Event: 2.703 GC heap after
{Heap after GC invocations=3 (full 0):
 garbage-first heap   total 262144K, used 13231K [0x00000000e0000000, 0x0000000100000000)
  region size 1024K, 4 young (4096K), 4 survivors (4096K)
 Metaspace       used 3995K, committed 4160K, reserved 221184K
  class space    used 488K, committed 576K, reserved 212992K
}
Event: 6.779 GC heap before
{Heap before GC invocations=3 (full 0):
 garbage-first heap   total 262144K, used 115631K [0x00000000e0000000, 0x0000000100000000)
  region size 1024K, 105 young (107520K), 4 survivors (4096K)
 Metaspace       used 21243K, committed 21504K, reserved 237568K
  class space    used 3172K, committed 3264K, reserved 212992K
}
Event: 6.809 GC heap after
{Heap after GC invocations=4 (full 0):
 garbage-first heap   total 262144K, used 20852K [0x00000000e0000000, 0x0000000100000000)
  region size 1024K, 12 young (12288K), 12 survivors (12288K)
 Metaspace       used 21243K, committed 21504K, reserved 237568K
  class space    used 3172K, committed 3264K, reserved 212992K
}
Event: 10.494 GC heap before
{Heap before GC invocations=5 (full 0):
 garbage-first heap   total 262144K, used 132468K [0x00000000e0000000, 0x0000000100000000)
  region size 1024K, 119 young (121856K), 12 survivors (12288K)
 Metaspace       used 35795K, committed 36096K, reserved 245760K
  class space    used 4907K, committed 5056K, reserved 212992K
}
Event: 10.621 GC heap after
{Heap after GC invocations=6 (full 0):
 garbage-first heap   total 262144K, used 30283K [0x00000000e0000000, 0x0000000100000000)
  region size 1024K, 15 young (15360K), 15 survivors (15360K)
 Metaspace       used 35795K, committed 36096K, reserved 245760K
  class space    used 4907K, committed 5056K, reserved 212992K
}

Dll operation events (12 events):
Event: 0.125 Loaded shared library C:\Users\AndrÈs\.jdks\corretto-17.0.5\bin\java.dll
Event: 0.221 Loaded shared library C:\Users\AndrÈs\.jdks\corretto-17.0.5\bin\jsvml.dll
Event: 0.381 Loaded shared library C:\Users\AndrÈs\.jdks\corretto-17.0.5\bin\net.dll
Event: 0.384 Loaded shared library C:\Users\AndrÈs\.jdks\corretto-17.0.5\bin\nio.dll
Event: 0.394 Loaded shared library C:\Users\AndrÈs\.jdks\corretto-17.0.5\bin\zip.dll
Event: 1.173 Loaded shared library C:\Users\AndrÈs\.jdks\corretto-17.0.5\bin\jimage.dll
Event: 1.356 Loaded shared library C:\Users\AndrÈs\.jdks\corretto-17.0.5\bin\verify.dll
Event: 1.715 Loaded shared library C:\Users\AndrÈs\.gradle\native\e1d6ef7f7dcc3fd88c89a11ec53ec762bb8ba0a96d01ffa2cd45eb1d1d8dd5c5\windows-amd64\native-platform.dll
Event: 1.738 Loaded shared library C:\Users\AndrÈs\.gradle\native\0d407fdbe67a94daf76414ababcb853783967236a71b16ec16e742cd7a986fd3\windows-amd64\native-platform-file-events.dll
Event: 3.018 Loaded shared library C:\Users\AndrÈs\.jdks\corretto-17.0.5\bin\management.dll
Event: 3.029 Loaded shared library C:\Users\AndrÈs\.jdks\corretto-17.0.5\bin\management_ext.dll
Event: 3.955 Loaded shared library C:\Users\AndrÈs\.jdks\corretto-17.0.5\bin\sunmscapi.dll

Deoptimization events (20 events):
Event: 15.107 Thread 0x0000026ecf5c3cf0 Uncommon trap: trap_request=0xffffffde fr.pc=0x0000026eba75539c relative=0x000000000000079c
Event: 15.107 Thread 0x0000026ecf5c3cf0 Uncommon trap: reason=class_check action=maybe_recompile pc=0x0000026eba75539c method=java.util.regex.Matcher.search(I)Z @ 121 c2
Event: 15.107 Thread 0x0000026ecf5c3cf0 DEOPT PACKING pc=0x0000026eba75539c sp=0x000000ac887f8550
Event: 15.107 Thread 0x0000026ecf5c3cf0 DEOPT UNPACKING pc=0x0000026eb2b523a3 sp=0x000000ac887f84b8 mode 2
Event: 15.107 Thread 0x0000026ecf5c3cf0 Uncommon trap: trap_request=0xffffffde fr.pc=0x0000026eba75539c relative=0x000000000000079c
Event: 15.107 Thread 0x0000026ecf5c3cf0 Uncommon trap: reason=class_check action=maybe_recompile pc=0x0000026eba75539c method=java.util.regex.Matcher.search(I)Z @ 121 c2
Event: 15.107 Thread 0x0000026ecf5c3cf0 DEOPT PACKING pc=0x0000026eba75539c sp=0x000000ac887f8550
Event: 15.107 Thread 0x0000026ecf5c3cf0 DEOPT UNPACKING pc=0x0000026eb2b523a3 sp=0x000000ac887f84b8 mode 2
Event: 15.108 Thread 0x0000026ecf5c3cf0 Uncommon trap: trap_request=0xffffffde fr.pc=0x0000026eba743858 relative=0x00000000000004f8
Event: 15.108 Thread 0x0000026ecf5c3cf0 Uncommon trap: reason=class_check action=maybe_recompile pc=0x0000026eba743858 method=java.util.regex.Matcher.search(I)Z @ 121 c2
Event: 15.108 Thread 0x0000026ecf5c3cf0 DEOPT PACKING pc=0x0000026eba743858 sp=0x000000ac887f8550
Event: 15.108 Thread 0x0000026ecf5c3cf0 DEOPT UNPACKING pc=0x0000026eb2b523a3 sp=0x000000ac887f8510 mode 2
Event: 15.133 Thread 0x0000026ecf5c3cf0 Uncommon trap: trap_request=0xffffffde fr.pc=0x0000026eba7446b8 relative=0x00000000000002f8
Event: 15.133 Thread 0x0000026ecf5c3cf0 Uncommon trap: reason=class_check action=maybe_recompile pc=0x0000026eba7446b8 method=java.util.regex.Pattern$Start.match(Ljava/util/regex/Matcher;ILjava/lang/CharSequence;)Z @ 44 c2
Event: 15.133 Thread 0x0000026ecf5c3cf0 DEOPT PACKING pc=0x0000026eba7446b8 sp=0x000000ac887f6fb0
Event: 15.133 Thread 0x0000026ecf5c3cf0 DEOPT UNPACKING pc=0x0000026eb2b523a3 sp=0x000000ac887f6f70 mode 2
Event: 15.216 Thread 0x0000026ecf5c3cf0 Uncommon trap: trap_request=0xffffff45 fr.pc=0x0000026eba620280 relative=0x00000000000006c0
Event: 15.216 Thread 0x0000026ecf5c3cf0 Uncommon trap: reason=unstable_if action=reinterpret pc=0x0000026eba620280 method=java.util.jar.Manifest$FastInputStream.readLine([BII)I @ 130 c2
Event: 15.216 Thread 0x0000026ecf5c3cf0 DEOPT PACKING pc=0x0000026eba620280 sp=0x000000ac887f8df0
Event: 15.216 Thread 0x0000026ecf5c3cf0 DEOPT UNPACKING pc=0x0000026eb2b523a3 sp=0x000000ac887f8d80 mode 2

Classes unloaded (0 events):
No events

Classes redefined (0 events):
No events

Internal exceptions (20 events):
Event: 12.416 Thread 0x0000026ecf5c3cf0 Exception <a 'java/lang/NoSuchMethodError'{0x00000000eee892d8}: 'void java.lang.invoke.DirectMethodHandle$Holder.invokeStatic(java.lang.Object, java.lang.Object, java.lang.Object, java.lang.Object, java.lang.Object, java.lang.Object)'> (0x00000000eee892d8) 
thrown [s\src\hotspot\share\interpreter\linkResolver.cpp, line 759]
Event: 13.330 Thread 0x0000026ecf5c3cf0 Exception <a 'java/lang/NoSuchMethodError'{0x00000000ee454348}: 'void java.lang.invoke.DirectMethodHandle$Holder.invokeStatic(java.lang.Object, java.lang.Object, java.lang.Object, int, java.lang.Object)'> (0x00000000ee454348) 
thrown [s\src\hotspot\share\interpreter\linkResolver.cpp, line 759]
Event: 13.981 Thread 0x0000026ecf5c3cf0 Exception <a 'java/lang/ClassNotFoundException'{0x00000000ecc574d8}: build_9wq373evq42colpo9dvslgap5BeanInfo> (0x00000000ecc574d8) 
thrown [s\src\hotspot\share\classfile\systemDictionary.cpp, line 256]
Event: 13.985 Thread 0x0000026ecf5c3cf0 Exception <a 'java/lang/ClassNotFoundException'{0x00000000ecc5dcb0}: build_9wq373evq42colpo9dvslgap5Customizer> (0x00000000ecc5dcb0) 
thrown [s\src\hotspot\share\classfile\systemDictionary.cpp, line 256]
Event: 14.501 Thread 0x0000026ecf5c3cf0 Exception <a 'java/lang/ClassNotFoundException'{0x00000000ec483688}: org/gradle/api/internal/project/DefaultProject_DecoratedBeanInfo> (0x00000000ec483688) 
thrown [s\src\hotspot\share\classfile\systemDictionary.cpp, line 256]
Event: 14.502 Thread 0x0000026ecf5c3cf0 Exception <a 'java/lang/ClassNotFoundException'{0x00000000ec494960}: org/gradle/api/internal/project/DefaultProjectBeanInfo> (0x00000000ec494960) 
thrown [s\src\hotspot\share\classfile\systemDictionary.cpp, line 256]
Event: 14.503 Thread 0x0000026ecf5c3cf0 Exception <a 'java/lang/ClassNotFoundException'{0x00000000ec4a5a00}: org/gradle/api/internal/project/DefaultProjectCustomizer> (0x00000000ec4a5a00) 
thrown [s\src\hotspot\share\classfile\systemDictionary.cpp, line 256]
Event: 14.510 Thread 0x0000026ecf5c3cf0 Exception <a 'java/lang/ClassNotFoundException'{0x00000000ec34e2c0}: org/gradle/api/internal/project/DefaultProject_DecoratedCustomizer> (0x00000000ec34e2c0) 
thrown [s\src\hotspot\share\classfile\systemDictionary.cpp, line 256]
Event: 14.534 Thread 0x0000026ecf5c3cf0 Exception <a 'java/lang/ClassNotFoundException'{0x00000000ec2064d8}: org/gradle/api/internal/plugins/DefaultObjectConfigurationActionBeanInfo> (0x00000000ec2064d8) 
thrown [s\src\hotspot\share\classfile\systemDictionary.cpp, line 256]
Event: 14.535 Thread 0x0000026ecf5c3cf0 Exception <a 'java/lang/ClassNotFoundException'{0x00000000ec216888}: org/gradle/api/internal/plugins/DefaultObjectConfigurationActionCustomizer> (0x00000000ec216888) 
thrown [s\src\hotspot\share\classfile\systemDictionary.cpp, line 256]
Event: 14.778 Thread 0x0000026ecf5c3cf0 Exception <a 'java/lang/NoSuchMethodError'{0x00000000ebc5ceb8}: 'java.lang.Object java.lang.invoke.DirectMethodHandle$Holder.newInvokeSpecial(java.lang.Object, java.lang.Object, java.lang.Object, java.lang.Object, int)'> (0x00000000ebc5ceb8) 
thrown [s\src\hotspot\share\interpreter\linkResolver.cpp, line 759]
Event: 14.779 Thread 0x0000026ecf5c3cf0 Exception <a 'java/lang/NoSuchMethodError'{0x00000000ebc62488}: 'java.lang.Object java.lang.invoke.DirectMethodHandle$Holder.invokeSpecial(java.lang.Object, java.lang.Object, java.lang.Object, java.lang.Object, java.lang.Object, int)'> (0x00000000ebc62488) 
thrown [s\src\hotspot\share\interpreter\linkResolver.cpp, line 759]
Event: 14.779 Thread 0x0000026ecf5c3cf0 Exception <a 'java/lang/NoSuchMethodError'{0x00000000ebc67408}: 'java.lang.Object java.lang.invoke.Invokers$Holder.linkToTargetMethod(java.lang.Object, java.lang.Object, java.lang.Object, int, java.lang.Object)'> (0x00000000ebc67408) 
thrown [s\src\hotspot\share\interpreter\linkResolver.cpp, line 759]
Event: 14.872 Thread 0x0000026ecf5c3cf0 Exception <a 'java/lang/IncompatibleClassChangeError'{0x00000000eba22b00}: Found class java.lang.Object, but interface was expected> (0x00000000eba22b00) 
thrown [s\src\hotspot\share\interpreter\linkResolver.cpp, line 826]
Event: 15.224 Thread 0x0000026ecf5c3cf0 Exception <a 'java/lang/ClassNotFoundException'{0x00000000eb1f9778}: net/serenitybdd/plugins/gradle/SerenityPluginBeanInfo> (0x00000000eb1f9778) 
thrown [s\src\hotspot\share\classfile\systemDictionary.cpp, line 256]
Event: 15.224 Thread 0x0000026ecf5c3cf0 Exception <a 'java/lang/ClassNotFoundException'{0x00000000eb002ac8}: net/serenitybdd/plugins/gradle/SerenityPluginCustomizer> (0x00000000eb002ac8) 
thrown [s\src\hotspot\share\classfile\systemDictionary.cpp, line 256]
Event: 15.231 Thread 0x0000026ecf5c3cf0 Exception <a 'java/lang/ClassNotFoundException'{0x00000000eb037a60}: org/slf4j/LoggerFactoryBeanInfo> (0x00000000eb037a60) 
thrown [s\src\hotspot\share\classfile\systemDictionary.cpp, line 256]
Event: 15.232 Thread 0x0000026ecf5c3cf0 Exception <a 'java/lang/ClassNotFoundException'{0x00000000eb049398}: org/slf4j/LoggerFactoryCustomizer> (0x00000000eb049398) 
thrown [s\src\hotspot\share\classfile\systemDictionary.cpp, line 256]
Event: 15.242 Thread 0x0000026ecf5c3cf0 Exception <a 'java/lang/ClassNotFoundException'{0x00000000eb08e010}: java/io/FileBeanInfo> (0x00000000eb08e010) 
thrown [s\src\hotspot\share\classfile\systemDictionary.cpp, line 256]
Event: 15.242 Thread 0x0000026ecf5c3cf0 Exception <a 'java/lang/ClassNotFoundException'{0x00000000eb094320}: java/io/FileCustomizer> (0x00000000eb094320) 
thrown [s\src\hotspot\share\classfile\systemDictionary.cpp, line 256]

VM Operations (20 events):
Event: 10.686 Executing VM operation: G1Concurrent
Event: 10.686 Executing VM operation: G1Concurrent done
Event: 11.691 Executing VM operation: Cleanup
Event: 11.694 Executing VM operation: Cleanup done
Event: 12.705 Executing VM operation: Cleanup
Event: 12.707 Executing VM operation: Cleanup done
Event: 13.270 Executing VM operation: HandshakeAllThreads
Event: 13.272 Executing VM operation: HandshakeAllThreads done
Event: 13.363 Executing VM operation: HandshakeAllThreads
Event: 13.363 Executing VM operation: HandshakeAllThreads done
Event: 13.404 Executing VM operation: ICBufferFull
Event: 13.407 Executing VM operation: ICBufferFull done
Event: 13.886 Executing VM operation: HandshakeAllThreads
Event: 13.886 Executing VM operation: HandshakeAllThreads done
Event: 13.887 Executing VM operation: ICBufferFull
Event: 13.887 Executing VM operation: ICBufferFull done
Event: 14.569 Executing VM operation: ICBufferFull
Event: 14.569 Executing VM operation: ICBufferFull done
Event: 15.196 Executing VM operation: ICBufferFull
Event: 15.196 Executing VM operation: ICBufferFull done

Events (20 events):
Event: 14.993 loading class jdk/jfr/FlightRecorder done
Event: 14.993 loading class jdk/management/jfr/FlightRecorderMXBeanImpl$MXBeanListener
Event: 14.993 loading class jdk/jfr/FlightRecorderListener
Event: 14.993 loading class jdk/jfr/FlightRecorderListener done
Event: 14.993 loading class jdk/management/jfr/FlightRecorderMXBeanImpl$MXBeanListener done
Event: 14.994 loading class sun/reflect/misc/MethodUtil
Event: 14.995 loading class sun/reflect/misc/MethodUtil done
Event: 14.995 loading class sun/reflect/misc/MethodUtil$1
Event: 14.995 loading class sun/reflect/misc/MethodUtil$1 done
Event: 15.003 Thread 0x0000026ece374580 Thread added: 0x0000026ece374580
Event: 15.008 loading class java/lang/Byte$ByteCache
Event: 15.008 loading class java/lang/Byte$ByteCache done
Event: 15.241 loading class java/io/FileBeanInfo
Event: 15.241 loading class java/io/FileBeanInfo done
Event: 15.242 loading class java/io/FileBeanInfo
Event: 15.242 loading class java/io/FileBeanInfo done
Event: 15.242 loading class java/io/FileCustomizer
Event: 15.242 loading class java/io/FileCustomizer done
Event: 15.242 loading class java/io/FileCustomizer
Event: 15.242 loading class java/io/FileCustomizer done


Dynamic libraries:
0x00007ff665150000 - 0x00007ff66515d000 	C:\Users\AndrÈs\.jdks\corretto-17.0.5\bin\java.exe
0x00007ff9ed4b0000 - 0x00007ff9ed6a8000 	C:\WINDOWS\SYSTEM32\ntdll.dll
0x00007ff9ecb20000 - 0x00007ff9ecbdf000 	C:\WINDOWS\System32\KERNEL32.DLL
0x00007ff9eaea0000 - 0x00007ff9eb196000 	C:\WINDOWS\System32\KERNELBASE.dll
0x00007ff9eab90000 - 0x00007ff9eac90000 	C:\WINDOWS\System32\ucrtbase.dll
0x00007ff9e6050000 - 0x00007ff9e6067000 	C:\Users\AndrÈs\.jdks\corretto-17.0.5\bin\jli.dll
0x00007ff9ec100000 - 0x00007ff9ec29d000 	C:\WINDOWS\System32\USER32.dll
0x00007ff9eb380000 - 0x00007ff9eb3a2000 	C:\WINDOWS\System32\win32u.dll
0x00007ff9ed0d0000 - 0x00007ff9ed0fc000 	C:\WINDOWS\System32\GDI32.dll
0x00007ff9eb260000 - 0x00007ff9eb375000 	C:\WINDOWS\System32\gdi32full.dll
0x00007ff9ead40000 - 0x00007ff9eaddd000 	C:\WINDOWS\System32\msvcp_win.dll
0x00007ff9e6070000 - 0x00007ff9e6085000 	C:\Users\AndrÈs\.jdks\corretto-17.0.5\bin\VCRUNTIME140.dll
0x00007ff9da530000 - 0x00007ff9da7ca000 	C:\WINDOWS\WinSxS\amd64_microsoft.windows.common-controls_6595b64144ccf1df_6.0.19041.1110_none_60b5254171f9507e\COMCTL32.dll
0x00007ff9eca10000 - 0x00007ff9ecaae000 	C:\WINDOWS\System32\msvcrt.dll
0x00007ff9ec2a0000 - 0x00007ff9ec2d0000 	C:\WINDOWS\System32\IMM32.DLL
0x00007ff9e3430000 - 0x00007ff9e34cb000 	C:\Users\AndrÈs\.jdks\corretto-17.0.5\bin\msvcp140.dll
0x00007ff9a3500000 - 0x00007ff9a4114000 	C:\Users\AndrÈs\.jdks\corretto-17.0.5\bin\server\jvm.dll
0x00007ff9ec960000 - 0x00007ff9eca0f000 	C:\WINDOWS\System32\ADVAPI32.dll
0x00007ff9eb5e0000 - 0x00007ff9eb67c000 	C:\WINDOWS\System32\sechost.dll
0x00007ff9ed190000 - 0x00007ff9ed2b6000 	C:\WINDOWS\System32\RPCRT4.dll
0x00007ff9e92c0000 - 0x00007ff9e92c9000 	C:\WINDOWS\SYSTEM32\WSOCK32.dll
0x00007ff9ecbe0000 - 0x00007ff9ecc4b000 	C:\WINDOWS\System32\WS2_32.dll
0x00007ff9d94b0000 - 0x00007ff9d94d7000 	C:\WINDOWS\SYSTEM32\WINMM.dll
0x00007ff9e2da0000 - 0x00007ff9e2daa000 	C:\WINDOWS\SYSTEM32\VERSION.dll
0x00007ff9e9410000 - 0x00007ff9e9422000 	C:\WINDOWS\SYSTEM32\kernel.appcore.dll
0x00007ff9e8000000 - 0x00007ff9e800a000 	C:\Users\AndrÈs\.jdks\corretto-17.0.5\bin\jimage.dll
0x00007ff9e8900000 - 0x00007ff9e8ae4000 	C:\WINDOWS\SYSTEM32\DBGHELP.DLL
0x00007ff9d8ac0000 - 0x00007ff9d8af4000 	C:\WINDOWS\SYSTEM32\dbgcore.DLL
0x00007ff9eb1d0000 - 0x00007ff9eb252000 	C:\WINDOWS\System32\bcryptPrimitives.dll
0x00007ff9e50d0000 - 0x00007ff9e50f5000 	C:\Users\AndrÈs\.jdks\corretto-17.0.5\bin\java.dll
0x00007ff9e3350000 - 0x00007ff9e3426000 	C:\Users\AndrÈs\.jdks\corretto-17.0.5\bin\jsvml.dll
0x00007ff9eb930000 - 0x00007ff9ec074000 	C:\WINDOWS\System32\SHELL32.dll
0x00007ff9e8af0000 - 0x00007ff9e9283000 	C:\WINDOWS\SYSTEM32\windows.storage.dll
0x00007ff9ec400000 - 0x00007ff9ec754000 	C:\WINDOWS\System32\combase.dll
0x00007ff9ea510000 - 0x00007ff9ea53e000 	C:\WINDOWS\SYSTEM32\Wldp.dll
0x00007ff9eb820000 - 0x00007ff9eb8cd000 	C:\WINDOWS\System32\SHCORE.dll
0x00007ff9eb6e0000 - 0x00007ff9eb735000 	C:\WINDOWS\System32\shlwapi.dll
0x00007ff9eaad0000 - 0x00007ff9eaaef000 	C:\WINDOWS\SYSTEM32\profapi.dll
0x00007ff9e50b0000 - 0x00007ff9e50c9000 	C:\Users\AndrÈs\.jdks\corretto-17.0.5\bin\net.dll
0x00007ff9dc550000 - 0x00007ff9dc65a000 	C:\WINDOWS\SYSTEM32\WINHTTP.dll
0x00007ff9ea270000 - 0x00007ff9ea2da000 	C:\WINDOWS\system32\mswsock.dll
0x00007ff9e3ce0000 - 0x00007ff9e3cf5000 	C:\Users\AndrÈs\.jdks\corretto-17.0.5\bin\nio.dll
0x00007ff9e3cc0000 - 0x00007ff9e3cd8000 	C:\Users\AndrÈs\.jdks\corretto-17.0.5\bin\zip.dll
0x00007ff9e3b60000 - 0x00007ff9e3b70000 	C:\Users\AndrÈs\.jdks\corretto-17.0.5\bin\verify.dll
0x00007ff9e3320000 - 0x00007ff9e3347000 	C:\Users\AndrÈs\.gradle\native\e1d6ef7f7dcc3fd88c89a11ec53ec762bb8ba0a96d01ffa2cd45eb1d1d8dd5c5\windows-amd64\native-platform.dll
0x00007ff9ccfa0000 - 0x00007ff9cd0e4000 	C:\Users\AndrÈs\.gradle\native\0d407fdbe67a94daf76414ababcb853783967236a71b16ec16e742cd7a986fd3\windows-amd64\native-platform-file-events.dll
0x00007ff9e3310000 - 0x00007ff9e3319000 	C:\Users\AndrÈs\.jdks\corretto-17.0.5\bin\management.dll
0x00007ff9e3300000 - 0x00007ff9e330b000 	C:\Users\AndrÈs\.jdks\corretto-17.0.5\bin\management_ext.dll
0x00007ff9ecab0000 - 0x00007ff9ecab8000 	C:\WINDOWS\System32\PSAPI.DLL
0x00007ff9ea460000 - 0x00007ff9ea478000 	C:\WINDOWS\SYSTEM32\CRYPTSP.dll
0x00007ff9e9b90000 - 0x00007ff9e9bc4000 	C:\WINDOWS\system32\rsaenh.dll
0x00007ff9eb1a0000 - 0x00007ff9eb1c7000 	C:\WINDOWS\System32\bcrypt.dll
0x00007ff9eaa90000 - 0x00007ff9eaabe000 	C:\WINDOWS\SYSTEM32\USERENV.dll
0x00007ff9ea480000 - 0x00007ff9ea48c000 	C:\WINDOWS\SYSTEM32\CRYPTBASE.dll
0x00007ff9e9f60000 - 0x00007ff9e9f9c000 	C:\WINDOWS\SYSTEM32\IPHLPAPI.DLL
0x00007ff9ecc50000 - 0x00007ff9ecc58000 	C:\WINDOWS\System32\NSI.dll
0x00007ff9e1970000 - 0x00007ff9e1987000 	C:\WINDOWS\SYSTEM32\dhcpcsvc6.DLL
0x00007ff9e1b40000 - 0x00007ff9e1b5d000 	C:\WINDOWS\SYSTEM32\dhcpcsvc.DLL
0x00007ff9e9fa0000 - 0x00007ff9ea06b000 	C:\WINDOWS\SYSTEM32\DNSAPI.dll
0x00007ff9e32f0000 - 0x00007ff9e32fe000 	C:\Users\AndrÈs\.jdks\corretto-17.0.5\bin\sunmscapi.dll
0x00007ff9eb3b0000 - 0x00007ff9eb50e000 	C:\WINDOWS\System32\CRYPT32.dll
0x00007ff9ea580000 - 0x00007ff9ea5a8000 	C:\WINDOWS\SYSTEM32\ncrypt.dll
0x00007ff9ea540000 - 0x00007ff9ea57b000 	C:\WINDOWS\SYSTEM32\NTASN1.dll
0x00007ff9e52c0000 - 0x00007ff9e52c7000 	C:\WINDOWS\system32\wshunix.dll

dbghelp: loaded successfully - version: 4.0.5 - missing functions: none
symbol engine: initialized successfully - sym options: 0x614 - pdb path: .;C:\Users\AndrÈs\.jdks\corretto-17.0.5\bin;C:\WINDOWS\SYSTEM32;C:\WINDOWS\WinSxS\amd64_microsoft.windows.common-controls_6595b64144ccf1df_6.0.19041.1110_none_60b5254171f9507e;C:\Users\AndrÈs\.jdks\corretto-17.0.5\bin\server;C:\Users\AndrÈs\.gradle\native\e1d6ef7f7dcc3fd88c89a11ec53ec762bb8ba0a96d01ffa2cd45eb1d1d8dd5c5\windows-amd64;C:\Users\AndrÈs\.gradle\native\0d407fdbe67a94daf76414ababcb853783967236a71b16ec16e742cd7a986fd3\windows-amd64

VM Arguments:
jvm_args: --add-opens=java.base/java.util=ALL-UNNAMED --add-opens=java.base/java.lang=ALL-UNNAMED --add-opens=java.base/java.lang.invoke=ALL-UNNAMED --add-opens=java.base/java.util=ALL-UNNAMED --add-opens=java.prefs/java.util.prefs=ALL-UNNAMED --add-opens=java.prefs/java.util.prefs=ALL-UNNAMED --add-opens=java.base/java.nio.charset=ALL-UNNAMED --add-opens=java.base/java.net=ALL-UNNAMED --add-opens=java.base/java.util.concurrent.atomic=ALL-UNNAMED -XX:MaxMetaspaceSize=256m -XX:+HeapDumpOnOutOfMemoryError -Xms256m -Xmx512m -Dfile.encoding=windows-1252 -Duser.country=CO -Duser.language=es -Duser.variant 
java_command: org.gradle.launcher.daemon.bootstrap.GradleDaemon 7.4
java_class_path (initial): C:\Users\AndrÈs\.gradle\wrapper\dists\gradle-7.4-bin\c0gwcg53nkjbqw7r0h0umtfvt\gradle-7.4\lib\gradle-launcher-7.4.jar
Launcher Type: SUN_STANDARD

[Global flags]
     intx CICompilerCount                          = 3                                         {product} {ergonomic}
   size_t CompressedClassSpaceSize                 = 218103808                                 {product} {ergonomic}
     uint ConcGCThreads                            = 1                                         {product} {ergonomic}
     uint G1ConcRefinementThreads                  = 4                                         {product} {ergonomic}
   size_t G1HeapRegionSize                         = 1048576                                   {product} {ergonomic}
    uintx GCDrainStackTargetSize                   = 64                                        {product} {ergonomic}
     bool HeapDumpOnOutOfMemoryError               = true                                   {manageable} {command line}
   size_t InitialHeapSize                          = 268435456                                 {product} {command line}
   size_t MarkStackSize                            = 4194304                                   {product} {ergonomic}
   size_t MaxHeapSize                              = 536870912                                 {product} {command line}
   size_t MaxMetaspaceSize                         = 268435456                                 {product} {command line}
   size_t MaxNewSize                               = 321912832                                 {product} {ergonomic}
   size_t MinHeapDeltaBytes                        = 1048576                                   {product} {ergonomic}
   size_t MinHeapSize                              = 268435456                                 {product} {command line}
    uintx NonNMethodCodeHeapSize                   = 5832780                                {pd product} {ergonomic}
    uintx NonProfiledCodeHeapSize                  = 122912730                              {pd product} {ergonomic}
    uintx ProfiledCodeHeapSize                     = 122912730                              {pd product} {ergonomic}
    uintx ReservedCodeCacheSize                    = 251658240                              {pd product} {ergonomic}
     bool SegmentedCodeCache                       = true                                      {product} {ergonomic}
   size_t SoftMaxHeapSize                          = 536870912                              {manageable} {ergonomic}
     bool UseCompressedClassPointers               = true                           {product lp64_product} {ergonomic}
     bool UseCompressedOops                        = true                           {product lp64_product} {ergonomic}
     bool UseG1GC                                  = true                                      {product} {ergonomic}
     bool UseLargePagesIndividualAllocation        = false                                  {pd product} {ergonomic}

Logging:
Log output configuration:
 #0: stdout all=warning uptime,level,tags
 #1: stderr all=off uptime,level,tags

Environment Variables:
PATH=C:\Program Files (x86)\Common Files\Oracle\Java\javapath;C:\WINDOWS\system32;C:\WINDOWS;C:\WINDOWS\System32\Wbem;C:\WINDOWS\System32\WindowsPowerShell\v1.0\;C:\WINDOWS\System32\OpenSSH\;C:\Program Files\Git\cmd;C:\Program Files (x86)\sbt\bin;C:\Users\AndrÈs\AppData\Local\Microsoft\WindowsApps;C:\Users\AndrÈs\AppData\Local\Programs\Microsoft VS Code\bin;C:\Users\AndrÈs\AppData\Local\GitHubDesktop\bin;C:\Users\AndrÈs\OneDrive - Universidad Icesi (@icesi.edu.co)\Escritorio;C:\Users\AndrÈs\AppData\Local\Coursier\data\bin;
USERNAME=AndrÈs
OS=Windows_NT
PROCESSOR_IDENTIFIER=Intel64 Family 6 Model 78 Stepping 3, GenuineIntel
TMP=C:\Users\ANDRS~1\AppData\Local\Temp
TEMP=C:\Users\ANDRS~1\AppData\Local\Temp



---------------  S Y S T E M  ---------------

OS:
 Windows 10 , 64 bit Build 19041 (10.0.19041.2913)
OS uptime: 0 days 19:22 hours

CPU: total 4 (initial active 4) (2 cores per cpu, 2 threads per core) family 6 model 78 stepping 3 microcode 0xcc, cx8, cmov, fxsr, ht, mmx, 3dnowpref, sse, sse2, sse3, ssse3, sse4.1, sse4.2, popcnt, lzcnt, tsc, tscinvbit, avx, avx2, aes, erms, clmul, bmi1, bmi2, rtm, adx, fma, vzeroupper, clflush, clflushopt

Memory: 4k page, system-wide physical 3984M (201M free)
TotalPageFile size 8496M (AvailPageFile size 1M)
current process WorkingSet (physical memory assigned to process): 277M, peak: 277M
current process commit charge ("private bytes"): 450M, peak: 450M

vm_info: OpenJDK 64-Bit Server VM (17.0.5+8-LTS) for windows-amd64 JRE (17.0.5+8-LTS), built on Oct 13 2022 05:18:14 by "Administrator" with MS VC++ 15.9 (VS2017)

END.
